[2014-11-10 14:52:25,524]  INFO {org.wso2.carbon.server.util.PatchUtils} -  Checking for patch changes ...
[2014-11-10 14:52:25,527]  INFO {org.wso2.carbon.server.util.PatchUtils} -  No new patch or service pack detected, server will start without applying patches 
[2014-11-10 14:52:25,527]  INFO {org.wso2.carbon.server.util.PatchUtils} -  Patch verification started
[2014-11-10 14:52:25,528]  INFO {org.wso2.carbon.server.util.PatchUtils} -  Patch verification successfully completed
[2014-11-10 14:58:52,509]  INFO {org.wso2.carbon.server.util.PatchUtils} -  Checking for patch changes ...
[2014-11-10 14:58:52,512]  INFO {org.wso2.carbon.server.util.PatchUtils} -  No new patch or service pack detected, server will start without applying patches 
[2014-11-10 14:58:52,512]  INFO {org.wso2.carbon.server.util.PatchUtils} -  Patch verification started
[2014-11-10 14:58:52,512]  INFO {org.wso2.carbon.server.util.PatchUtils} -  Patch verification successfully completed
[2014-11-10 15:03:56,523]  INFO {org.wso2.carbon.server.util.PatchUtils} -  Checking for patch changes ...
[2014-11-10 15:03:56,525]  INFO {org.wso2.carbon.server.util.PatchUtils} -  No new patch or service pack detected, server will start without applying patches 
[2014-11-10 15:03:56,525]  INFO {org.wso2.carbon.server.util.PatchUtils} -  Patch verification started
[2014-11-10 15:03:56,525]  INFO {org.wso2.carbon.server.util.PatchUtils} -  Patch verification successfully completed
[2014-11-10 15:24:52,776]  INFO {org.wso2.carbon.server.util.PatchUtils} -  Checking for patch changes ...
[2014-11-10 15:24:52,779]  INFO {org.wso2.carbon.server.util.PatchUtils} -  No new patch or service pack detected, server will start without applying patches 
[2014-11-10 15:24:52,779]  INFO {org.wso2.carbon.server.util.PatchUtils} -  Patch verification started
[2014-11-10 15:24:52,779]  INFO {org.wso2.carbon.server.util.PatchUtils} -  Patch verification successfully completed
[2014-11-10 17:09:59,171]  INFO {org.wso2.carbon.server.util.PatchUtils} -  Checking for patch changes ...
[2014-11-10 17:09:59,174]  INFO {org.wso2.carbon.server.util.PatchUtils} -  No new patch or service pack detected, server will start without applying patches 
[2014-11-10 17:09:59,175]  INFO {org.wso2.carbon.server.util.PatchUtils} -  Patch verification started
[2014-11-10 17:09:59,175]  INFO {org.wso2.carbon.server.util.PatchUtils} -  Patch verification successfully completed
[2014-11-10 21:24:12,244]  INFO {org.wso2.carbon.server.util.PatchUtils} -  Checking for patch changes ...
[2014-11-10 21:24:12,284]  INFO {org.wso2.carbon.server.util.PatchUtils} -  No new patch or service pack detected, server will start without applying patches 
[2014-11-10 21:24:12,285]  INFO {org.wso2.carbon.server.util.PatchUtils} -  Patch verification started
[2014-11-10 21:24:12,285]  INFO {org.wso2.carbon.server.util.PatchUtils} -  Patch verification successfully completed
[2014-11-11 09:28:25,596]  INFO {org.wso2.carbon.server.util.PatchUtils} -  Checking for patch changes ...
[2014-11-11 09:28:25,619]  INFO {org.wso2.carbon.server.util.PatchUtils} -  No new patch or service pack detected, server will start without applying patches 
[2014-11-11 09:28:25,620]  INFO {org.wso2.carbon.server.util.PatchUtils} -  Patch verification started
[2014-11-11 09:28:25,620]  INFO {org.wso2.carbon.server.util.PatchUtils} -  Patch verification successfully completed
[2014-11-11 10:31:20,112]  INFO {org.wso2.carbon.server.util.PatchUtils} -  Checking for patch changes ...
[2014-11-11 10:31:20,114]  INFO {org.wso2.carbon.server.util.PatchUtils} -  No new patch or service pack detected, server will start without applying patches 
[2014-11-11 10:31:20,114]  INFO {org.wso2.carbon.server.util.PatchUtils} -  Patch verification started
[2014-11-11 10:31:20,114]  INFO {org.wso2.carbon.server.util.PatchUtils} -  Patch verification successfully completed
[2014-11-11 15:40:41,385]  INFO {org.wso2.carbon.server.util.PatchUtils} -  Checking for patch changes ...
[2014-11-11 15:40:41,387]  INFO {org.wso2.carbon.server.util.PatchUtils} -  No new patch or service pack detected, server will start without applying patches 
[2014-11-11 15:40:41,387]  INFO {org.wso2.carbon.server.util.PatchUtils} -  Patch verification started
[2014-11-11 15:40:41,387]  INFO {org.wso2.carbon.server.util.PatchUtils} -  Patch verification successfully completed
[2014-11-11 17:16:51,151]  INFO {org.wso2.carbon.server.util.PatchUtils} -  Checking for patch changes ...
[2014-11-11 17:16:51,154]  INFO {org.wso2.carbon.server.util.PatchUtils} -  No new patch or service pack detected, server will start without applying patches 
[2014-11-11 17:16:51,154]  INFO {org.wso2.carbon.server.util.PatchUtils} -  Patch verification started
[2014-11-11 17:16:51,154]  INFO {org.wso2.carbon.server.util.PatchUtils} -  Patch verification successfully completed
[2014-11-11 18:04:35,170]  INFO {org.wso2.carbon.server.util.PatchUtils} -  Checking for patch changes ...
[2014-11-11 18:04:35,172]  INFO {org.wso2.carbon.server.util.PatchUtils} -  No new patch or service pack detected, server will start without applying patches 
[2014-11-11 18:04:35,172]  INFO {org.wso2.carbon.server.util.PatchUtils} -  Patch verification started
[2014-11-11 18:04:35,172]  INFO {org.wso2.carbon.server.util.PatchUtils} -  Patch verification successfully completed
[2014-11-11 18:06:28,841]  INFO {org.wso2.carbon.server.util.PatchUtils} -  Checking for patch changes ...
[2014-11-11 18:06:28,843]  INFO {org.wso2.carbon.server.util.PatchUtils} -  No new patch or service pack detected, server will start without applying patches 
[2014-11-11 18:06:28,844]  INFO {org.wso2.carbon.server.util.PatchUtils} -  Patch verification started
[2014-11-11 18:06:28,844]  INFO {org.wso2.carbon.server.util.PatchUtils} -  Patch verification successfully completed
[2014-11-11 18:08:15,519]  INFO {org.wso2.carbon.server.util.PatchUtils} -  Checking for patch changes ...
[2014-11-11 18:08:15,521]  INFO {org.wso2.carbon.server.util.PatchUtils} -  No new patch or service pack detected, server will start without applying patches 
[2014-11-11 18:08:15,521]  INFO {org.wso2.carbon.server.util.PatchUtils} -  Patch verification started
[2014-11-11 18:08:15,521]  INFO {org.wso2.carbon.server.util.PatchUtils} -  Patch verification successfully completed
[2014-11-11 18:37:47,949]  INFO {org.wso2.carbon.server.util.PatchUtils} -  Checking for patch changes ...
[2014-11-11 18:37:47,951]  INFO {org.wso2.carbon.server.util.PatchUtils} -  No new patch or service pack detected, server will start without applying patches 
[2014-11-11 18:37:47,952]  INFO {org.wso2.carbon.server.util.PatchUtils} -  Patch verification started
[2014-11-11 18:37:47,952]  INFO {org.wso2.carbon.server.util.PatchUtils} -  Patch verification successfully completed
[2014-11-11 18:40:08,603]  INFO {org.wso2.carbon.server.util.PatchUtils} -  Checking for patch changes ...
[2014-11-11 18:40:08,605]  INFO {org.wso2.carbon.server.util.PatchUtils} -  No new patch or service pack detected, server will start without applying patches 
[2014-11-11 18:40:08,606]  INFO {org.wso2.carbon.server.util.PatchUtils} -  Patch verification started
[2014-11-11 18:40:08,606]  INFO {org.wso2.carbon.server.util.PatchUtils} -  Patch verification successfully completed
[2014-11-11 18:40:56,880]  INFO {org.wso2.carbon.server.util.PatchUtils} -  Checking for patch changes ...
[2014-11-11 18:40:56,882]  INFO {org.wso2.carbon.server.util.PatchUtils} -  No new patch or service pack detected, server will start without applying patches 
[2014-11-11 18:40:56,883]  INFO {org.wso2.carbon.server.util.PatchUtils} -  Patch verification started
[2014-11-11 18:40:56,883]  INFO {org.wso2.carbon.server.util.PatchUtils} -  Patch verification successfully completed
[2014-11-11 18:42:32,135]  INFO {org.wso2.carbon.server.util.PatchUtils} -  Checking for patch changes ...
[2014-11-11 18:42:32,137]  INFO {org.wso2.carbon.server.util.PatchUtils} -  No new patch or service pack detected, server will start without applying patches 
[2014-11-11 18:42:32,138]  INFO {org.wso2.carbon.server.util.PatchUtils} -  Patch verification started
[2014-11-11 18:42:32,138]  INFO {org.wso2.carbon.server.util.PatchUtils} -  Patch verification successfully completed
[2014-11-11 18:46:02,594]  INFO {org.wso2.carbon.server.util.PatchUtils} -  Checking for patch changes ...
[2014-11-11 18:46:02,597]  INFO {org.wso2.carbon.server.util.PatchUtils} -  No new patch or service pack detected, server will start without applying patches 
[2014-11-11 18:46:02,598]  INFO {org.wso2.carbon.server.util.PatchUtils} -  Patch verification started
[2014-11-11 18:46:02,598]  INFO {org.wso2.carbon.server.util.PatchUtils} -  Patch verification successfully completed
[2014-11-11 19:30:52,806]  INFO {org.wso2.carbon.server.util.PatchUtils} -  Checking for patch changes ...
[2014-11-11 19:30:52,809]  INFO {org.wso2.carbon.server.util.PatchUtils} -  No new patch or service pack detected, server will start without applying patches 
[2014-11-11 19:30:52,809]  INFO {org.wso2.carbon.server.util.PatchUtils} -  Patch verification started
[2014-11-11 19:30:52,809]  INFO {org.wso2.carbon.server.util.PatchUtils} -  Patch verification successfully completed
[2014-11-11 22:20:16,935]  INFO {org.wso2.carbon.server.util.PatchUtils} -  Checking for patch changes ...
[2014-11-11 22:20:17,190]  INFO {org.wso2.carbon.server.util.PatchUtils} -  No new patch or service pack detected, server will start without applying patches 
[2014-11-11 22:20:17,191]  INFO {org.wso2.carbon.server.util.PatchUtils} -  Patch verification started
[2014-11-11 22:20:17,191]  INFO {org.wso2.carbon.server.util.PatchUtils} -  Patch verification successfully completed
[2014-11-11 22:21:28,927]  INFO {org.wso2.carbon.server.util.PatchUtils} -  Checking for patch changes ...
[2014-11-11 22:21:28,929]  INFO {org.wso2.carbon.server.util.PatchUtils} -  No new patch or service pack detected, server will start without applying patches 
[2014-11-11 22:21:28,930]  INFO {org.wso2.carbon.server.util.PatchUtils} -  Patch verification started
[2014-11-11 22:21:28,930]  INFO {org.wso2.carbon.server.util.PatchUtils} -  Patch verification successfully completed
[2014-11-12 08:22:09,465]  INFO {org.wso2.carbon.server.util.PatchUtils} -  Checking for patch changes ...
[2014-11-12 08:22:09,507]  INFO {org.wso2.carbon.server.util.PatchUtils} -  No new patch or service pack detected, server will start without applying patches 
[2014-11-12 08:22:09,508]  INFO {org.wso2.carbon.server.util.PatchUtils} -  Patch verification started
[2014-11-12 08:22:09,508]  INFO {org.wso2.carbon.server.util.PatchUtils} -  Patch verification successfully completed
[2014-11-12 08:31:22,311]  INFO {org.wso2.carbon.server.util.PatchUtils} -  Checking for patch changes ...
[2014-11-12 08:31:22,314]  INFO {org.wso2.carbon.server.util.PatchUtils} -  No new patch or service pack detected, server will start without applying patches 
[2014-11-12 08:31:22,315]  INFO {org.wso2.carbon.server.util.PatchUtils} -  Patch verification started
[2014-11-12 08:31:22,315]  INFO {org.wso2.carbon.server.util.PatchUtils} -  Patch verification successfully completed
[2014-11-12 08:43:53,264]  INFO {org.wso2.carbon.server.util.PatchUtils} -  Checking for patch changes ...
[2014-11-12 08:43:53,266]  INFO {org.wso2.carbon.server.util.PatchUtils} -  No new patch or service pack detected, server will start without applying patches 
[2014-11-12 08:43:53,266]  INFO {org.wso2.carbon.server.util.PatchUtils} -  Patch verification started
[2014-11-12 08:43:53,266]  INFO {org.wso2.carbon.server.util.PatchUtils} -  Patch verification successfully completed
[2014-11-12 08:56:54,233]  INFO {org.wso2.carbon.server.util.PatchUtils} -  Checking for patch changes ...
[2014-11-12 08:56:54,235]  INFO {org.wso2.carbon.server.util.PatchUtils} -  No new patch or service pack detected, server will start without applying patches 
[2014-11-12 08:56:54,235]  INFO {org.wso2.carbon.server.util.PatchUtils} -  Patch verification started
[2014-11-12 08:56:54,235]  INFO {org.wso2.carbon.server.util.PatchUtils} -  Patch verification successfully completed
[2014-11-12 11:44:39,966]  INFO {org.wso2.carbon.server.util.PatchUtils} -  Checking for patch changes ...
[2014-11-12 11:44:39,968]  INFO {org.wso2.carbon.server.util.PatchUtils} -  No new patch or service pack detected, server will start without applying patches 
[2014-11-12 11:44:39,969]  INFO {org.wso2.carbon.server.util.PatchUtils} -  Patch verification started
[2014-11-12 11:44:39,969]  INFO {org.wso2.carbon.server.util.PatchUtils} -  Patch verification successfully completed
[2014-11-12 12:35:01,474]  INFO {org.wso2.carbon.server.util.PatchUtils} -  Checking for patch changes ...
[2014-11-12 12:35:01,476]  INFO {org.wso2.carbon.server.util.PatchUtils} -  No new patch or service pack detected, server will start without applying patches 
[2014-11-12 12:35:01,477]  INFO {org.wso2.carbon.server.util.PatchUtils} -  Patch verification started
[2014-11-12 12:35:01,477]  INFO {org.wso2.carbon.server.util.PatchUtils} -  Patch verification successfully completed
[2014-11-12 13:03:04,276]  INFO {org.wso2.carbon.server.util.PatchUtils} -  Checking for patch changes ...
[2014-11-12 13:03:04,278]  INFO {org.wso2.carbon.server.util.PatchUtils} -  No new patch or service pack detected, server will start without applying patches 
[2014-11-12 13:03:04,279]  INFO {org.wso2.carbon.server.util.PatchUtils} -  Patch verification started
[2014-11-12 13:03:04,279]  INFO {org.wso2.carbon.server.util.PatchUtils} -  Patch verification successfully completed
[2014-11-12 13:45:36,717]  INFO {org.wso2.carbon.server.util.PatchUtils} -  Checking for patch changes ...
[2014-11-12 13:45:36,720]  INFO {org.wso2.carbon.server.util.PatchUtils} -  No new patch or service pack detected, server will start without applying patches 
[2014-11-12 13:45:36,720]  INFO {org.wso2.carbon.server.util.PatchUtils} -  Patch verification started
[2014-11-12 13:45:36,720]  INFO {org.wso2.carbon.server.util.PatchUtils} -  Patch verification successfully completed
[2014-11-12 14:11:18,003]  INFO {org.wso2.carbon.server.util.PatchUtils} -  Checking for patch changes ...
[2014-11-12 14:11:18,006]  INFO {org.wso2.carbon.server.util.PatchUtils} -  No new patch or service pack detected, server will start without applying patches 
[2014-11-12 14:11:18,007]  INFO {org.wso2.carbon.server.util.PatchUtils} -  Patch verification started
[2014-11-12 14:11:18,007]  INFO {org.wso2.carbon.server.util.PatchUtils} -  Patch verification successfully completed
[2014-11-12 17:54:36,767]  INFO {org.wso2.carbon.server.util.PatchUtils} -  Checking for patch changes ...
[2014-11-12 17:54:36,835]  INFO {org.wso2.carbon.server.util.PatchUtils} -  No new patch or service pack detected, server will start without applying patches 
[2014-11-12 17:54:36,836]  INFO {org.wso2.carbon.server.util.PatchUtils} -  Patch verification started
[2014-11-12 17:54:36,836]  INFO {org.wso2.carbon.server.util.PatchUtils} -  Patch verification successfully completed
[2014-11-12 21:57:03,482]  INFO {org.wso2.carbon.server.util.PatchUtils} -  Checking for patch changes ...
[2014-11-12 21:57:03,593]  INFO {org.wso2.carbon.server.util.PatchUtils} -  No new patch or service pack detected, server will start without applying patches 
[2014-11-12 21:57:03,594]  INFO {org.wso2.carbon.server.util.PatchUtils} -  Patch verification started
[2014-11-12 21:57:03,594]  INFO {org.wso2.carbon.server.util.PatchUtils} -  Patch verification successfully completed
[2014-11-13 03:47:30,191]  INFO {org.wso2.carbon.server.util.PatchUtils} -  Checking for patch changes ...
[2014-11-13 03:47:30,287]  INFO {org.wso2.carbon.server.util.PatchUtils} -  No new patch or service pack detected, server will start without applying patches 
[2014-11-13 03:47:30,287]  INFO {org.wso2.carbon.server.util.PatchUtils} -  Patch verification started
[2014-11-13 03:47:30,287]  INFO {org.wso2.carbon.server.util.PatchUtils} -  Patch verification successfully completed
[2014-11-13 04:15:15,569]  INFO {org.wso2.carbon.server.util.PatchUtils} -  Checking for patch changes ...
[2014-11-13 04:15:15,573]  INFO {org.wso2.carbon.server.util.PatchUtils} -  No new patch or service pack detected, server will start without applying patches 
[2014-11-13 04:15:15,573]  INFO {org.wso2.carbon.server.util.PatchUtils} -  Patch verification started
[2014-11-13 04:15:15,574]  INFO {org.wso2.carbon.server.util.PatchUtils} -  Patch verification successfully completed
[2014-11-13 04:23:56,404]  INFO {org.wso2.carbon.server.util.PatchUtils} -  Checking for patch changes ...
[2014-11-13 04:23:56,406]  INFO {org.wso2.carbon.server.util.PatchUtils} -  No new patch or service pack detected, server will start without applying patches 
[2014-11-13 04:23:56,406]  INFO {org.wso2.carbon.server.util.PatchUtils} -  Patch verification started
[2014-11-13 04:23:56,406]  INFO {org.wso2.carbon.server.util.PatchUtils} -  Patch verification successfully completed
[2014-11-13 04:26:53,204]  INFO {org.wso2.carbon.server.util.PatchUtils} -  Checking for patch changes ...
[2014-11-13 04:26:53,208]  INFO {org.wso2.carbon.server.util.PatchUtils} -  No new patch or service pack detected, server will start without applying patches 
[2014-11-13 04:26:53,208]  INFO {org.wso2.carbon.server.util.PatchUtils} -  Patch verification started
[2014-11-13 04:26:53,208]  INFO {org.wso2.carbon.server.util.PatchUtils} -  Patch verification successfully completed
[2014-11-13 04:29:25,992]  INFO {org.wso2.carbon.server.util.PatchUtils} -  Checking for patch changes ...
[2014-11-13 04:29:25,996]  INFO {org.wso2.carbon.server.util.PatchUtils} -  No new patch or service pack detected, server will start without applying patches 
[2014-11-13 04:29:25,996]  INFO {org.wso2.carbon.server.util.PatchUtils} -  Patch verification started
[2014-11-13 04:29:25,996]  INFO {org.wso2.carbon.server.util.PatchUtils} -  Patch verification successfully completed
[2014-11-13 04:30:50,056]  INFO {org.wso2.carbon.server.util.PatchUtils} -  Checking for patch changes ...
[2014-11-13 04:30:50,058]  INFO {org.wso2.carbon.server.util.PatchUtils} -  No new patch or service pack detected, server will start without applying patches 
[2014-11-13 04:30:50,058]  INFO {org.wso2.carbon.server.util.PatchUtils} -  Patch verification started
[2014-11-13 04:30:50,059]  INFO {org.wso2.carbon.server.util.PatchUtils} -  Patch verification successfully completed
[2014-11-13 04:37:00,359]  INFO {org.wso2.carbon.server.util.PatchUtils} -  Checking for patch changes ...
[2014-11-13 04:37:00,361]  INFO {org.wso2.carbon.server.util.PatchUtils} -  No new patch or service pack detected, server will start without applying patches 
[2014-11-13 04:37:00,362]  INFO {org.wso2.carbon.server.util.PatchUtils} -  Patch verification started
[2014-11-13 04:37:00,362]  INFO {org.wso2.carbon.server.util.PatchUtils} -  Patch verification successfully completed
[2014-11-13 04:39:08,730]  INFO {org.wso2.carbon.server.util.PatchUtils} -  Checking for patch changes ...
[2014-11-13 04:39:08,732]  INFO {org.wso2.carbon.server.util.PatchUtils} -  No new patch or service pack detected, server will start without applying patches 
[2014-11-13 04:39:08,733]  INFO {org.wso2.carbon.server.util.PatchUtils} -  Patch verification started
[2014-11-13 04:39:08,733]  INFO {org.wso2.carbon.server.util.PatchUtils} -  Patch verification successfully completed
[2014-11-13 04:42:56,468]  INFO {org.wso2.carbon.server.util.PatchUtils} -  Checking for patch changes ...
[2014-11-13 04:42:56,471]  INFO {org.wso2.carbon.server.util.PatchUtils} -  No new patch or service pack detected, server will start without applying patches 
[2014-11-13 04:42:56,471]  INFO {org.wso2.carbon.server.util.PatchUtils} -  Patch verification started
[2014-11-13 04:42:56,471]  INFO {org.wso2.carbon.server.util.PatchUtils} -  Patch verification successfully completed
[2014-11-13 04:48:45,022]  INFO {org.wso2.carbon.server.util.PatchUtils} -  Checking for patch changes ...
[2014-11-13 04:48:45,025]  INFO {org.wso2.carbon.server.util.PatchUtils} -  No new patch or service pack detected, server will start without applying patches 
[2014-11-13 04:48:45,025]  INFO {org.wso2.carbon.server.util.PatchUtils} -  Patch verification started
[2014-11-13 04:48:45,025]  INFO {org.wso2.carbon.server.util.PatchUtils} -  Patch verification successfully completed
[2014-11-13 04:56:24,956]  INFO {org.wso2.carbon.server.util.PatchUtils} -  Checking for patch changes ...
[2014-11-13 04:56:24,958]  INFO {org.wso2.carbon.server.util.PatchUtils} -  No new patch or service pack detected, server will start without applying patches 
[2014-11-13 04:56:24,958]  INFO {org.wso2.carbon.server.util.PatchUtils} -  Patch verification started
[2014-11-13 04:56:24,958]  INFO {org.wso2.carbon.server.util.PatchUtils} -  Patch verification successfully completed
[2014-11-13 05:18:25,540]  INFO {org.wso2.carbon.server.util.PatchUtils} -  Checking for patch changes ...
[2014-11-13 05:18:25,542]  INFO {org.wso2.carbon.server.util.PatchUtils} -  No new patch or service pack detected, server will start without applying patches 
[2014-11-13 05:18:25,543]  INFO {org.wso2.carbon.server.util.PatchUtils} -  Patch verification started
[2014-11-13 05:18:25,543]  INFO {org.wso2.carbon.server.util.PatchUtils} -  Patch verification successfully completed
[2014-11-13 05:24:34,755]  INFO {org.wso2.carbon.server.util.PatchUtils} -  Checking for patch changes ...
[2014-11-13 05:24:34,757]  INFO {org.wso2.carbon.server.util.PatchUtils} -  No new patch or service pack detected, server will start without applying patches 
[2014-11-13 05:24:34,757]  INFO {org.wso2.carbon.server.util.PatchUtils} -  Patch verification started
[2014-11-13 05:24:34,758]  INFO {org.wso2.carbon.server.util.PatchUtils} -  Patch verification successfully completed
[2014-11-13 05:41:23,664]  INFO {org.wso2.carbon.server.util.PatchUtils} -  Checking for patch changes ...
[2014-11-13 05:41:23,667]  INFO {org.wso2.carbon.server.util.PatchUtils} -  No new patch or service pack detected, server will start without applying patches 
[2014-11-13 05:41:23,667]  INFO {org.wso2.carbon.server.util.PatchUtils} -  Patch verification started
[2014-11-13 05:41:23,667]  INFO {org.wso2.carbon.server.util.PatchUtils} -  Patch verification successfully completed
[2014-11-13 05:45:56,199]  INFO {org.wso2.carbon.server.util.PatchUtils} -  Checking for patch changes ...
[2014-11-13 05:45:56,202]  INFO {org.wso2.carbon.server.util.PatchUtils} -  No new patch or service pack detected, server will start without applying patches 
[2014-11-13 05:45:56,202]  INFO {org.wso2.carbon.server.util.PatchUtils} -  Patch verification started
[2014-11-13 05:45:56,202]  INFO {org.wso2.carbon.server.util.PatchUtils} -  Patch verification successfully completed
[2014-11-13 06:06:30,143]  INFO {org.wso2.carbon.server.util.PatchUtils} -  Checking for patch changes ...
[2014-11-13 06:06:30,147]  INFO {org.wso2.carbon.server.util.PatchUtils} -  No new patch or service pack detected, server will start without applying patches 
[2014-11-13 06:06:30,147]  INFO {org.wso2.carbon.server.util.PatchUtils} -  Patch verification started
[2014-11-13 06:06:30,147]  INFO {org.wso2.carbon.server.util.PatchUtils} -  Patch verification successfully completed
[2014-11-13 06:08:18,214]  INFO {org.wso2.carbon.server.util.PatchUtils} -  Checking for patch changes ...
[2014-11-13 06:08:18,218]  INFO {org.wso2.carbon.server.util.PatchUtils} -  No new patch or service pack detected, server will start without applying patches 
[2014-11-13 06:08:18,218]  INFO {org.wso2.carbon.server.util.PatchUtils} -  Patch verification started
[2014-11-13 06:08:18,218]  INFO {org.wso2.carbon.server.util.PatchUtils} -  Patch verification successfully completed
[2014-11-13 06:11:15,385]  INFO {org.wso2.carbon.server.util.PatchUtils} -  Checking for patch changes ...
[2014-11-13 06:11:15,388]  INFO {org.wso2.carbon.server.util.PatchUtils} -  No new patch or service pack detected, server will start without applying patches 
[2014-11-13 06:11:15,388]  INFO {org.wso2.carbon.server.util.PatchUtils} -  Patch verification started
[2014-11-13 06:11:15,388]  INFO {org.wso2.carbon.server.util.PatchUtils} -  Patch verification successfully completed
[2014-11-13 06:18:48,016]  INFO {org.wso2.carbon.server.util.PatchUtils} -  Checking for patch changes ...
[2014-11-13 06:18:48,019]  INFO {org.wso2.carbon.server.util.PatchUtils} -  No new patch or service pack detected, server will start without applying patches 
[2014-11-13 06:18:48,020]  INFO {org.wso2.carbon.server.util.PatchUtils} -  Patch verification started
[2014-11-13 06:18:48,020]  INFO {org.wso2.carbon.server.util.PatchUtils} -  Patch verification successfully completed
[2014-11-13 08:48:48,929]  INFO {org.wso2.carbon.server.util.PatchUtils} -  Checking for patch changes ...
[2014-11-13 08:48:49,051]  INFO {org.wso2.carbon.server.util.PatchUtils} -  No new patch or service pack detected, server will start without applying patches 
[2014-11-13 08:48:49,051]  INFO {org.wso2.carbon.server.util.PatchUtils} -  Patch verification started
[2014-11-13 08:48:49,052]  INFO {org.wso2.carbon.server.util.PatchUtils} -  Patch verification successfully completed
[2014-11-13 08:54:53,404]  INFO {org.wso2.carbon.server.util.PatchUtils} -  Checking for patch changes ...
[2014-11-13 08:54:53,407]  INFO {org.wso2.carbon.server.util.PatchUtils} -  No new patch or service pack detected, server will start without applying patches 
[2014-11-13 08:54:53,408]  INFO {org.wso2.carbon.server.util.PatchUtils} -  Patch verification started
[2014-11-13 08:54:53,408]  INFO {org.wso2.carbon.server.util.PatchUtils} -  Patch verification successfully completed
[2014-11-13 08:57:16,442]  INFO {org.wso2.carbon.server.util.PatchUtils} -  Checking for patch changes ...
[2014-11-13 08:57:16,445]  INFO {org.wso2.carbon.server.util.PatchUtils} -  No new patch or service pack detected, server will start without applying patches 
[2014-11-13 08:57:16,445]  INFO {org.wso2.carbon.server.util.PatchUtils} -  Patch verification started
[2014-11-13 08:57:16,446]  INFO {org.wso2.carbon.server.util.PatchUtils} -  Patch verification successfully completed
[2014-11-13 09:14:06,035]  INFO {org.wso2.carbon.server.util.PatchUtils} -  Checking for patch changes ...
[2014-11-13 09:14:06,038]  INFO {org.wso2.carbon.server.util.PatchUtils} -  No new patch or service pack detected, server will start without applying patches 
[2014-11-13 09:14:06,039]  INFO {org.wso2.carbon.server.util.PatchUtils} -  Patch verification started
[2014-11-13 09:14:06,039]  INFO {org.wso2.carbon.server.util.PatchUtils} -  Patch verification successfully completed
[2014-11-13 09:23:56,224]  INFO {org.wso2.carbon.server.util.PatchUtils} -  Checking for patch changes ...
[2014-11-13 09:23:56,227]  INFO {org.wso2.carbon.server.util.PatchUtils} -  No new patch or service pack detected, server will start without applying patches 
[2014-11-13 09:23:56,228]  INFO {org.wso2.carbon.server.util.PatchUtils} -  Patch verification started
[2014-11-13 09:23:56,228]  INFO {org.wso2.carbon.server.util.PatchUtils} -  Patch verification successfully completed
[2014-11-13 09:26:57,152]  INFO {org.wso2.carbon.server.util.PatchUtils} -  Checking for patch changes ...
[2014-11-13 09:26:57,155]  INFO {org.wso2.carbon.server.util.PatchUtils} -  No new patch or service pack detected, server will start without applying patches 
[2014-11-13 09:26:57,155]  INFO {org.wso2.carbon.server.util.PatchUtils} -  Patch verification started
[2014-11-13 09:26:57,155]  INFO {org.wso2.carbon.server.util.PatchUtils} -  Patch verification successfully completed
[2014-11-13 09:31:32,802]  INFO {org.wso2.carbon.server.util.PatchUtils} -  Checking for patch changes ...
[2014-11-13 09:31:32,805]  INFO {org.wso2.carbon.server.util.PatchUtils} -  No new patch or service pack detected, server will start without applying patches 
[2014-11-13 09:31:32,805]  INFO {org.wso2.carbon.server.util.PatchUtils} -  Patch verification started
[2014-11-13 09:31:32,805]  INFO {org.wso2.carbon.server.util.PatchUtils} -  Patch verification successfully completed
[2014-11-13 09:36:14,792]  INFO {org.wso2.carbon.server.util.PatchUtils} -  Checking for patch changes ...
[2014-11-13 09:36:14,795]  INFO {org.wso2.carbon.server.util.PatchUtils} -  No new patch or service pack detected, server will start without applying patches 
[2014-11-13 09:36:14,795]  INFO {org.wso2.carbon.server.util.PatchUtils} -  Patch verification started
[2014-11-13 09:36:14,795]  INFO {org.wso2.carbon.server.util.PatchUtils} -  Patch verification successfully completed
[2014-11-13 09:46:00,668]  INFO {org.wso2.carbon.server.util.PatchUtils} -  Checking for patch changes ...
[2014-11-13 09:46:00,671]  INFO {org.wso2.carbon.server.util.PatchUtils} -  No new patch or service pack detected, server will start without applying patches 
[2014-11-13 09:46:00,672]  INFO {org.wso2.carbon.server.util.PatchUtils} -  Patch verification started
[2014-11-13 09:46:00,672]  INFO {org.wso2.carbon.server.util.PatchUtils} -  Patch verification successfully completed
[2014-11-13 09:48:28,748]  INFO {org.wso2.carbon.server.util.PatchUtils} -  Checking for patch changes ...
[2014-11-13 09:48:28,750]  INFO {org.wso2.carbon.server.util.PatchUtils} -  No new patch or service pack detected, server will start without applying patches 
[2014-11-13 09:48:28,751]  INFO {org.wso2.carbon.server.util.PatchUtils} -  Patch verification started
[2014-11-13 09:48:28,751]  INFO {org.wso2.carbon.server.util.PatchUtils} -  Patch verification successfully completed
[2014-11-13 09:56:37,477]  INFO {org.wso2.carbon.server.util.PatchUtils} -  Checking for patch changes ...
[2014-11-13 09:56:37,479]  INFO {org.wso2.carbon.server.util.PatchUtils} -  No new patch or service pack detected, server will start without applying patches 
[2014-11-13 09:56:37,480]  INFO {org.wso2.carbon.server.util.PatchUtils} -  Patch verification started
[2014-11-13 09:56:37,480]  INFO {org.wso2.carbon.server.util.PatchUtils} -  Patch verification successfully completed
[2014-11-13 09:59:53,249]  INFO {org.wso2.carbon.server.util.PatchUtils} -  Checking for patch changes ...
[2014-11-13 09:59:53,252]  INFO {org.wso2.carbon.server.util.PatchUtils} -  No new patch or service pack detected, server will start without applying patches 
[2014-11-13 09:59:53,252]  INFO {org.wso2.carbon.server.util.PatchUtils} -  Patch verification started
[2014-11-13 09:59:53,252]  INFO {org.wso2.carbon.server.util.PatchUtils} -  Patch verification successfully completed
[2014-11-13 10:02:47,090]  INFO {org.wso2.carbon.server.util.PatchUtils} -  Checking for patch changes ...
[2014-11-13 10:02:47,092]  INFO {org.wso2.carbon.server.util.PatchUtils} -  No new patch or service pack detected, server will start without applying patches 
[2014-11-13 10:02:47,093]  INFO {org.wso2.carbon.server.util.PatchUtils} -  Patch verification started
[2014-11-13 10:02:47,093]  INFO {org.wso2.carbon.server.util.PatchUtils} -  Patch verification successfully completed
[2014-11-13 10:21:42,440]  INFO {org.wso2.carbon.server.util.PatchUtils} -  Checking for patch changes ...
[2014-11-13 10:21:42,443]  INFO {org.wso2.carbon.server.util.PatchUtils} -  No new patch or service pack detected, server will start without applying patches 
[2014-11-13 10:21:42,443]  INFO {org.wso2.carbon.server.util.PatchUtils} -  Patch verification started
[2014-11-13 10:21:42,444]  INFO {org.wso2.carbon.server.util.PatchUtils} -  Patch verification successfully completed
[2014-11-13 10:28:57,357]  INFO {org.wso2.carbon.server.util.PatchUtils} -  Checking for patch changes ...
[2014-11-13 10:28:57,360]  INFO {org.wso2.carbon.server.util.PatchUtils} -  No new patch or service pack detected, server will start without applying patches 
[2014-11-13 10:28:57,360]  INFO {org.wso2.carbon.server.util.PatchUtils} -  Patch verification started
[2014-11-13 10:28:57,360]  INFO {org.wso2.carbon.server.util.PatchUtils} -  Patch verification successfully completed
[2014-11-13 10:33:07,744]  INFO {org.wso2.carbon.server.util.PatchUtils} -  Checking for patch changes ...
[2014-11-13 10:33:07,747]  INFO {org.wso2.carbon.server.util.PatchUtils} -  No new patch or service pack detected, server will start without applying patches 
[2014-11-13 10:33:07,747]  INFO {org.wso2.carbon.server.util.PatchUtils} -  Patch verification started
[2014-11-13 10:33:07,748]  INFO {org.wso2.carbon.server.util.PatchUtils} -  Patch verification successfully completed
[2014-11-13 10:38:56,832]  INFO {org.wso2.carbon.server.util.PatchUtils} -  Checking for patch changes ...
[2014-11-13 10:38:56,836]  INFO {org.wso2.carbon.server.util.PatchUtils} -  No new patch or service pack detected, server will start without applying patches 
[2014-11-13 10:38:56,836]  INFO {org.wso2.carbon.server.util.PatchUtils} -  Patch verification started
[2014-11-13 10:38:56,837]  INFO {org.wso2.carbon.server.util.PatchUtils} -  Patch verification successfully completed
[2014-11-13 10:52:41,600]  INFO {org.wso2.carbon.server.util.PatchUtils} -  Checking for patch changes ...
[2014-11-13 10:52:41,603]  INFO {org.wso2.carbon.server.util.PatchUtils} -  No new patch or service pack detected, server will start without applying patches 
[2014-11-13 10:52:41,603]  INFO {org.wso2.carbon.server.util.PatchUtils} -  Patch verification started
[2014-11-13 10:52:41,603]  INFO {org.wso2.carbon.server.util.PatchUtils} -  Patch verification successfully completed
[2014-11-13 10:58:45,599]  INFO {org.wso2.carbon.server.util.PatchUtils} -  Checking for patch changes ...
[2014-11-13 10:58:45,602]  INFO {org.wso2.carbon.server.util.PatchUtils} -  No new patch or service pack detected, server will start without applying patches 
[2014-11-13 10:58:45,602]  INFO {org.wso2.carbon.server.util.PatchUtils} -  Patch verification started
[2014-11-13 10:58:45,602]  INFO {org.wso2.carbon.server.util.PatchUtils} -  Patch verification successfully completed
[2014-11-13 10:59:22,276]  INFO {org.wso2.carbon.server.util.PatchUtils} -  Checking for patch changes ...
[2014-11-13 10:59:22,279]  INFO {org.wso2.carbon.server.util.PatchUtils} -  No new patch or service pack detected, server will start without applying patches 
[2014-11-13 10:59:22,280]  INFO {org.wso2.carbon.server.util.PatchUtils} -  Patch verification started
[2014-11-13 10:59:22,280]  INFO {org.wso2.carbon.server.util.PatchUtils} -  Patch verification successfully completed
[2014-11-13 11:05:24,953]  INFO {org.wso2.carbon.server.util.PatchUtils} -  Checking for patch changes ...
[2014-11-13 11:05:25,006]  INFO {org.wso2.carbon.server.util.PatchUtils} -  No new patch or service pack detected, server will start without applying patches 
[2014-11-13 11:05:25,006]  INFO {org.wso2.carbon.server.util.PatchUtils} -  Patch verification started
[2014-11-13 11:05:25,007]  INFO {org.wso2.carbon.server.util.PatchUtils} -  Patch verification successfully completed
[2014-11-13 11:06:09,638]  INFO {org.wso2.carbon.server.util.PatchUtils} -  Checking for patch changes ...
[2014-11-13 11:06:09,641]  INFO {org.wso2.carbon.server.util.PatchUtils} -  No new patch or service pack detected, server will start without applying patches 
[2014-11-13 11:06:09,641]  INFO {org.wso2.carbon.server.util.PatchUtils} -  Patch verification started
[2014-11-13 11:06:09,641]  INFO {org.wso2.carbon.server.util.PatchUtils} -  Patch verification successfully completed
[2014-11-13 11:32:16,742]  INFO {org.wso2.carbon.server.util.PatchUtils} -  Checking for patch changes ...
[2014-11-13 11:32:16,766]  INFO {org.wso2.carbon.server.util.PatchUtils} -  No new patch or service pack detected, server will start without applying patches 
[2014-11-13 11:32:16,766]  INFO {org.wso2.carbon.server.util.PatchUtils} -  Patch verification started
[2014-11-13 11:32:16,766]  INFO {org.wso2.carbon.server.util.PatchUtils} -  Patch verification successfully completed
[2014-11-13 12:03:53,399]  INFO {org.wso2.carbon.server.util.PatchUtils} -  Checking for patch changes ...
[2014-11-13 12:03:53,441]  INFO {org.wso2.carbon.server.util.PatchUtils} -  No new patch or service pack detected, server will start without applying patches 
[2014-11-13 12:03:53,442]  INFO {org.wso2.carbon.server.util.PatchUtils} -  Patch verification started
[2014-11-13 12:03:53,442]  INFO {org.wso2.carbon.server.util.PatchUtils} -  Patch verification successfully completed
[2014-11-13 12:18:57,770]  INFO {org.wso2.carbon.server.util.PatchUtils} -  Checking for patch changes ...
[2014-11-13 12:18:57,772]  INFO {org.wso2.carbon.server.util.PatchUtils} -  No new patch or service pack detected, server will start without applying patches 
[2014-11-13 12:18:57,773]  INFO {org.wso2.carbon.server.util.PatchUtils} -  Patch verification started
[2014-11-13 12:18:57,773]  INFO {org.wso2.carbon.server.util.PatchUtils} -  Patch verification successfully completed
[2014-11-13 12:21:16,281]  INFO {org.wso2.carbon.server.util.PatchUtils} -  Checking for patch changes ...
[2014-11-13 12:21:16,283]  INFO {org.wso2.carbon.server.util.PatchUtils} -  No new patch or service pack detected, server will start without applying patches 
[2014-11-13 12:21:16,284]  INFO {org.wso2.carbon.server.util.PatchUtils} -  Patch verification started
[2014-11-13 12:21:16,284]  INFO {org.wso2.carbon.server.util.PatchUtils} -  Patch verification successfully completed
[2014-11-13 12:22:48,403]  INFO {org.wso2.carbon.server.util.PatchUtils} -  Checking for patch changes ...
[2014-11-13 12:22:48,406]  INFO {org.wso2.carbon.server.util.PatchUtils} -  No new patch or service pack detected, server will start without applying patches 
[2014-11-13 12:22:48,407]  INFO {org.wso2.carbon.server.util.PatchUtils} -  Patch verification started
[2014-11-13 12:22:48,407]  INFO {org.wso2.carbon.server.util.PatchUtils} -  Patch verification successfully completed
[2014-11-13 12:23:36,890]  INFO {org.wso2.carbon.server.util.PatchUtils} -  Checking for patch changes ...
[2014-11-13 12:23:36,892]  INFO {org.wso2.carbon.server.util.PatchUtils} -  No new patch or service pack detected, server will start without applying patches 
[2014-11-13 12:23:36,892]  INFO {org.wso2.carbon.server.util.PatchUtils} -  Patch verification started
[2014-11-13 12:23:36,893]  INFO {org.wso2.carbon.server.util.PatchUtils} -  Patch verification successfully completed
[2014-11-13 12:29:23,923]  INFO {org.wso2.carbon.server.util.PatchUtils} -  Checking for patch changes ...
[2014-11-13 12:29:23,925]  INFO {org.wso2.carbon.server.util.PatchUtils} -  No new patch or service pack detected, server will start without applying patches 
[2014-11-13 12:29:23,926]  INFO {org.wso2.carbon.server.util.PatchUtils} -  Patch verification started
[2014-11-13 12:29:23,926]  INFO {org.wso2.carbon.server.util.PatchUtils} -  Patch verification successfully completed
[2014-11-13 12:41:30,495]  INFO {org.wso2.carbon.server.util.PatchUtils} -  Checking for patch changes ...
[2014-11-13 12:41:30,498]  INFO {org.wso2.carbon.server.util.PatchUtils} -  No new patch or service pack detected, server will start without applying patches 
[2014-11-13 12:41:30,498]  INFO {org.wso2.carbon.server.util.PatchUtils} -  Patch verification started
[2014-11-13 12:41:30,498]  INFO {org.wso2.carbon.server.util.PatchUtils} -  Patch verification successfully completed
[2014-11-13 12:52:35,160]  INFO {org.wso2.carbon.server.util.PatchUtils} -  Checking for patch changes ...
[2014-11-13 12:52:35,163]  INFO {org.wso2.carbon.server.util.PatchUtils} -  No new patch or service pack detected, server will start without applying patches 
[2014-11-13 12:52:35,164]  INFO {org.wso2.carbon.server.util.PatchUtils} -  Patch verification started
[2014-11-13 12:52:35,164]  INFO {org.wso2.carbon.server.util.PatchUtils} -  Patch verification successfully completed
[2014-11-13 14:46:59,621]  INFO {org.wso2.carbon.server.util.PatchUtils} -  Checking for patch changes ...
[2014-11-13 14:46:59,624]  INFO {org.wso2.carbon.server.util.PatchUtils} -  No new patch or service pack detected, server will start without applying patches 
[2014-11-13 14:46:59,624]  INFO {org.wso2.carbon.server.util.PatchUtils} -  Patch verification started
[2014-11-13 14:46:59,624]  INFO {org.wso2.carbon.server.util.PatchUtils} -  Patch verification successfully completed
[2014-11-13 14:50:18,098]  INFO {org.wso2.carbon.server.util.PatchUtils} -  Checking for patch changes ...
[2014-11-13 14:50:18,101]  INFO {org.wso2.carbon.server.util.PatchUtils} -  No new patch or service pack detected, server will start without applying patches 
[2014-11-13 14:50:18,102]  INFO {org.wso2.carbon.server.util.PatchUtils} -  Patch verification started
[2014-11-13 14:50:18,102]  INFO {org.wso2.carbon.server.util.PatchUtils} -  Patch verification successfully completed
[2014-11-13 16:29:58,573]  INFO {org.wso2.carbon.server.util.PatchUtils} -  Checking for patch changes ...
[2014-11-13 16:29:58,655]  INFO {org.wso2.carbon.server.util.PatchUtils} -  No new patch or service pack detected, server will start without applying patches 
[2014-11-13 16:29:58,667]  INFO {org.wso2.carbon.server.util.PatchUtils} -  Patch verification started
[2014-11-13 16:29:58,667]  INFO {org.wso2.carbon.server.util.PatchUtils} -  Patch verification successfully completed
[2014-11-13 17:01:27,518]  INFO {org.wso2.carbon.server.util.PatchUtils} -  Checking for patch changes ...
[2014-11-13 17:01:27,563]  INFO {org.wso2.carbon.server.util.PatchUtils} -  No new patch or service pack detected, server will start without applying patches 
[2014-11-13 17:01:27,580]  INFO {org.wso2.carbon.server.util.PatchUtils} -  Patch verification started
[2014-11-13 17:01:27,580]  INFO {org.wso2.carbon.server.util.PatchUtils} -  Patch verification successfully completed
[2014-11-13 17:07:35,165]  INFO {org.wso2.carbon.server.util.PatchUtils} -  Checking for patch changes ...
[2014-11-13 17:07:35,169]  INFO {org.wso2.carbon.server.util.PatchUtils} -  No new patch or service pack detected, server will start without applying patches 
[2014-11-13 17:07:35,170]  INFO {org.wso2.carbon.server.util.PatchUtils} -  Patch verification started
[2014-11-13 17:07:35,170]  INFO {org.wso2.carbon.server.util.PatchUtils} -  Patch verification successfully completed
[2014-11-13 17:25:18,693]  INFO {org.wso2.carbon.server.util.PatchUtils} -  Checking for patch changes ...
[2014-11-13 17:25:18,736]  INFO {org.wso2.carbon.server.util.PatchUtils} -  No new patch or service pack detected, server will start without applying patches 
[2014-11-13 17:25:18,750]  INFO {org.wso2.carbon.server.util.PatchUtils} -  Patch verification started
[2014-11-13 17:25:18,750]  INFO {org.wso2.carbon.server.util.PatchUtils} -  Patch verification successfully completed
[2014-11-13 17:28:23,586]  INFO {org.wso2.carbon.server.util.PatchUtils} -  Checking for patch changes ...
[2014-11-13 17:28:23,589]  INFO {org.wso2.carbon.server.util.PatchUtils} -  No new patch or service pack detected, server will start without applying patches 
[2014-11-13 17:28:23,589]  INFO {org.wso2.carbon.server.util.PatchUtils} -  Patch verification started
[2014-11-13 17:28:23,589]  INFO {org.wso2.carbon.server.util.PatchUtils} -  Patch verification successfully completed
[2014-11-13 17:35:32,256]  INFO {org.wso2.carbon.server.util.PatchUtils} -  Checking for patch changes ...
[2014-11-13 17:35:32,377]  INFO {org.wso2.carbon.server.util.PatchUtils} -  No new patch or service pack detected, server will start without applying patches 
[2014-11-13 17:35:32,389]  INFO {org.wso2.carbon.server.util.PatchUtils} -  Patch verification started
[2014-11-13 17:35:32,390]  INFO {org.wso2.carbon.server.util.PatchUtils} -  Patch verification successfully completed
[2014-11-14 02:38:09,789]  INFO {org.wso2.carbon.server.util.PatchUtils} -  Checking for patch changes ...
[2014-11-14 02:38:09,911]  INFO {org.wso2.carbon.server.util.PatchUtils} -  No new patch or service pack detected, server will start without applying patches 
[2014-11-14 02:38:09,912]  INFO {org.wso2.carbon.server.util.PatchUtils} -  Patch verification started
[2014-11-14 02:38:09,912]  INFO {org.wso2.carbon.server.util.PatchUtils} -  Patch verification successfully completed
[2014-11-14 02:42:53,702]  INFO {org.wso2.carbon.server.util.PatchUtils} -  Checking for patch changes ...
[2014-11-14 02:42:53,705]  INFO {org.wso2.carbon.server.util.PatchUtils} -  No new patch or service pack detected, server will start without applying patches 
[2014-11-14 02:42:53,705]  INFO {org.wso2.carbon.server.util.PatchUtils} -  Patch verification started
[2014-11-14 02:42:53,705]  INFO {org.wso2.carbon.server.util.PatchUtils} -  Patch verification successfully completed
[2014-11-14 03:10:11,737]  INFO {org.wso2.carbon.server.util.PatchUtils} -  Checking for patch changes ...
[2014-11-14 03:10:11,739]  INFO {org.wso2.carbon.server.util.PatchUtils} -  No new patch or service pack detected, server will start without applying patches 
[2014-11-14 03:10:11,740]  INFO {org.wso2.carbon.server.util.PatchUtils} -  Patch verification started
[2014-11-14 03:10:11,740]  INFO {org.wso2.carbon.server.util.PatchUtils} -  Patch verification successfully completed
[2014-11-14 03:22:23,620]  INFO {org.wso2.carbon.server.util.PatchUtils} -  Checking for patch changes ...
[2014-11-14 03:22:23,623]  INFO {org.wso2.carbon.server.util.PatchUtils} -  No new patch or service pack detected, server will start without applying patches 
[2014-11-14 03:22:23,623]  INFO {org.wso2.carbon.server.util.PatchUtils} -  Patch verification started
[2014-11-14 03:22:23,623]  INFO {org.wso2.carbon.server.util.PatchUtils} -  Patch verification successfully completed
[2014-11-14 03:27:14,807]  INFO {org.wso2.carbon.server.util.PatchUtils} -  Checking for patch changes ...
[2014-11-14 03:27:14,810]  INFO {org.wso2.carbon.server.util.PatchUtils} -  No new patch or service pack detected, server will start without applying patches 
[2014-11-14 03:27:14,810]  INFO {org.wso2.carbon.server.util.PatchUtils} -  Patch verification started
[2014-11-14 03:27:14,810]  INFO {org.wso2.carbon.server.util.PatchUtils} -  Patch verification successfully completed
[2014-11-14 03:28:15,290]  INFO {org.wso2.carbon.server.util.PatchUtils} -  Checking for patch changes ...
[2014-11-14 03:28:15,292]  INFO {org.wso2.carbon.server.util.PatchUtils} -  No new patch or service pack detected, server will start without applying patches 
[2014-11-14 03:28:15,293]  INFO {org.wso2.carbon.server.util.PatchUtils} -  Patch verification started
[2014-11-14 03:28:15,293]  INFO {org.wso2.carbon.server.util.PatchUtils} -  Patch verification successfully completed
[2014-11-14 04:37:19,696]  INFO {org.wso2.carbon.server.util.PatchUtils} -  Checking for patch changes ...
[2014-11-14 04:37:19,698]  INFO {org.wso2.carbon.server.util.PatchUtils} -  No new patch or service pack detected, server will start without applying patches 
[2014-11-14 04:37:19,698]  INFO {org.wso2.carbon.server.util.PatchUtils} -  Patch verification started
[2014-11-14 04:37:19,699]  INFO {org.wso2.carbon.server.util.PatchUtils} -  Patch verification successfully completed
[2014-11-14 05:04:52,452]  INFO {org.wso2.carbon.server.util.PatchUtils} -  Checking for patch changes ...
[2014-11-14 05:04:52,454]  INFO {org.wso2.carbon.server.util.PatchUtils} -  No new patch or service pack detected, server will start without applying patches 
[2014-11-14 05:04:52,455]  INFO {org.wso2.carbon.server.util.PatchUtils} -  Patch verification started
[2014-11-14 05:04:52,455]  INFO {org.wso2.carbon.server.util.PatchUtils} -  Patch verification successfully completed
[2014-11-14 08:36:02,036]  INFO {org.wso2.carbon.server.util.PatchUtils} -  Checking for patch changes ...
[2014-11-14 08:36:02,078]  INFO {org.wso2.carbon.server.util.PatchUtils} -  No new patch or service pack detected, server will start without applying patches 
[2014-11-14 08:36:02,078]  INFO {org.wso2.carbon.server.util.PatchUtils} -  Patch verification started
[2014-11-14 08:36:02,079]  INFO {org.wso2.carbon.server.util.PatchUtils} -  Patch verification successfully completed
[2014-11-14 11:03:35,085]  INFO {org.wso2.carbon.server.util.PatchUtils} -  Checking for patch changes ...
[2014-11-14 11:03:35,087]  INFO {org.wso2.carbon.server.util.PatchUtils} -  No new patch or service pack detected, server will start without applying patches 
[2014-11-14 11:03:35,087]  INFO {org.wso2.carbon.server.util.PatchUtils} -  Patch verification started
[2014-11-14 11:03:35,088]  INFO {org.wso2.carbon.server.util.PatchUtils} -  Patch verification successfully completed
[2014-11-14 11:26:27,460]  INFO {org.wso2.carbon.server.util.PatchUtils} -  Checking for patch changes ...
[2014-11-14 11:26:27,462]  INFO {org.wso2.carbon.server.util.PatchUtils} -  No new patch or service pack detected, server will start without applying patches 
[2014-11-14 11:26:27,462]  INFO {org.wso2.carbon.server.util.PatchUtils} -  Patch verification started
[2014-11-14 11:26:27,463]  INFO {org.wso2.carbon.server.util.PatchUtils} -  Patch verification successfully completed
[2014-11-14 15:52:31,137]  INFO {org.wso2.carbon.server.util.PatchUtils} -  Checking for patch changes ...
[2014-11-14 15:52:31,168]  INFO {org.wso2.carbon.server.util.PatchUtils} -  No new patch or service pack detected, server will start without applying patches 
[2014-11-14 15:52:31,169]  INFO {org.wso2.carbon.server.util.PatchUtils} -  Patch verification started
[2014-11-14 15:52:31,169]  INFO {org.wso2.carbon.server.util.PatchUtils} -  Patch verification successfully completed
[2014-11-14 17:17:27,831]  INFO {org.wso2.carbon.server.util.PatchUtils} -  Checking for patch changes ...
[2014-11-14 17:17:27,834]  INFO {org.wso2.carbon.server.util.PatchUtils} -  No new patch or service pack detected, server will start without applying patches 
[2014-11-14 17:17:27,834]  INFO {org.wso2.carbon.server.util.PatchUtils} -  Patch verification started
[2014-11-14 17:17:27,835]  INFO {org.wso2.carbon.server.util.PatchUtils} -  Patch verification successfully completed
[2014-11-14 17:32:09,913]  INFO {org.wso2.carbon.server.util.PatchUtils} -  Checking for patch changes ...
[2014-11-14 17:32:09,915]  INFO {org.wso2.carbon.server.util.PatchUtils} -  No new patch or service pack detected, server will start without applying patches 
[2014-11-14 17:32:09,915]  INFO {org.wso2.carbon.server.util.PatchUtils} -  Patch verification started
[2014-11-14 17:32:09,916]  INFO {org.wso2.carbon.server.util.PatchUtils} -  Patch verification successfully completed
[2014-11-14 17:34:52,618]  INFO {org.wso2.carbon.server.util.PatchUtils} -  Checking for patch changes ...
[2014-11-14 17:34:52,621]  INFO {org.wso2.carbon.server.util.PatchUtils} -  No new patch or service pack detected, server will start without applying patches 
[2014-11-14 17:34:52,622]  INFO {org.wso2.carbon.server.util.PatchUtils} -  Patch verification started
[2014-11-14 17:34:52,622]  INFO {org.wso2.carbon.server.util.PatchUtils} -  Patch verification successfully completed
[2014-11-14 17:39:40,828]  INFO {org.wso2.carbon.server.util.PatchUtils} -  Checking for patch changes ...
[2014-11-14 17:39:40,830]  INFO {org.wso2.carbon.server.util.PatchUtils} -  No new patch or service pack detected, server will start without applying patches 
[2014-11-14 17:39:40,831]  INFO {org.wso2.carbon.server.util.PatchUtils} -  Patch verification started
[2014-11-14 17:39:40,831]  INFO {org.wso2.carbon.server.util.PatchUtils} -  Patch verification successfully completed
[2014-11-14 17:50:21,315]  INFO {org.wso2.carbon.server.util.PatchUtils} -  Checking for patch changes ...
[2014-11-14 17:50:21,318]  INFO {org.wso2.carbon.server.util.PatchUtils} -  No new patch or service pack detected, server will start without applying patches 
[2014-11-14 17:50:21,318]  INFO {org.wso2.carbon.server.util.PatchUtils} -  Patch verification started
[2014-11-14 17:50:21,319]  INFO {org.wso2.carbon.server.util.PatchUtils} -  Patch verification successfully completed
[2014-11-14 17:57:21,176]  INFO {org.wso2.carbon.server.util.PatchUtils} -  Checking for patch changes ...
[2014-11-14 17:57:21,178]  INFO {org.wso2.carbon.server.util.PatchUtils} -  No new patch or service pack detected, server will start without applying patches 
[2014-11-14 17:57:21,178]  INFO {org.wso2.carbon.server.util.PatchUtils} -  Patch verification started
[2014-11-14 17:57:21,178]  INFO {org.wso2.carbon.server.util.PatchUtils} -  Patch verification successfully completed
[2014-11-14 17:59:32,343]  INFO {org.wso2.carbon.server.util.PatchUtils} -  Checking for patch changes ...
[2014-11-14 17:59:32,346]  INFO {org.wso2.carbon.server.util.PatchUtils} -  No new patch or service pack detected, server will start without applying patches 
[2014-11-14 17:59:32,346]  INFO {org.wso2.carbon.server.util.PatchUtils} -  Patch verification started
[2014-11-14 17:59:32,346]  INFO {org.wso2.carbon.server.util.PatchUtils} -  Patch verification successfully completed
[2014-11-14 18:09:37,701]  INFO {org.wso2.carbon.server.util.PatchUtils} -  Checking for patch changes ...
[2014-11-14 18:09:37,703]  INFO {org.wso2.carbon.server.util.PatchUtils} -  No new patch or service pack detected, server will start without applying patches 
[2014-11-14 18:09:37,703]  INFO {org.wso2.carbon.server.util.PatchUtils} -  Patch verification started
[2014-11-14 18:09:37,703]  INFO {org.wso2.carbon.server.util.PatchUtils} -  Patch verification successfully completed
[2014-11-14 18:12:11,059]  INFO {org.wso2.carbon.server.util.PatchUtils} -  Checking for patch changes ...
[2014-11-14 18:12:11,061]  INFO {org.wso2.carbon.server.util.PatchUtils} -  No new patch or service pack detected, server will start without applying patches 
[2014-11-14 18:12:11,061]  INFO {org.wso2.carbon.server.util.PatchUtils} -  Patch verification started
[2014-11-14 18:12:11,062]  INFO {org.wso2.carbon.server.util.PatchUtils} -  Patch verification successfully completed
[2014-11-14 18:15:36,284]  INFO {org.wso2.carbon.server.util.PatchUtils} -  Checking for patch changes ...
[2014-11-14 18:15:36,287]  INFO {org.wso2.carbon.server.util.PatchUtils} -  No new patch or service pack detected, server will start without applying patches 
[2014-11-14 18:15:36,288]  INFO {org.wso2.carbon.server.util.PatchUtils} -  Patch verification started
[2014-11-14 18:15:36,288]  INFO {org.wso2.carbon.server.util.PatchUtils} -  Patch verification successfully completed
[2014-11-14 18:21:41,198]  INFO {org.wso2.carbon.server.util.PatchUtils} -  Checking for patch changes ...
[2014-11-14 18:21:41,200]  INFO {org.wso2.carbon.server.util.PatchUtils} -  No new patch or service pack detected, server will start without applying patches 
[2014-11-14 18:21:41,201]  INFO {org.wso2.carbon.server.util.PatchUtils} -  Patch verification started
[2014-11-14 18:21:41,201]  INFO {org.wso2.carbon.server.util.PatchUtils} -  Patch verification successfully completed
[2014-11-14 18:44:08,365]  INFO {org.wso2.carbon.server.util.PatchUtils} -  Checking for patch changes ...
[2014-11-14 18:44:08,367]  INFO {org.wso2.carbon.server.util.PatchUtils} -  No new patch or service pack detected, server will start without applying patches 
[2014-11-14 18:44:08,367]  INFO {org.wso2.carbon.server.util.PatchUtils} -  Patch verification started
[2014-11-14 18:44:08,368]  INFO {org.wso2.carbon.server.util.PatchUtils} -  Patch verification successfully completed
[2014-11-15 08:45:08,596]  INFO {org.wso2.carbon.server.util.PatchUtils} -  Checking for patch changes ...
[2014-11-15 08:45:08,598]  INFO {org.wso2.carbon.server.util.PatchUtils} -  No new patch or service pack detected, server will start without applying patches 
[2014-11-15 08:45:08,599]  INFO {org.wso2.carbon.server.util.PatchUtils} -  Patch verification started
[2014-11-15 08:45:08,599]  INFO {org.wso2.carbon.server.util.PatchUtils} -  Patch verification successfully completed
[2014-11-15 09:11:12,458]  INFO {org.wso2.carbon.server.util.PatchUtils} -  Checking for patch changes ...
[2014-11-15 09:11:12,460]  INFO {org.wso2.carbon.server.util.PatchUtils} -  No new patch or service pack detected, server will start without applying patches 
[2014-11-15 09:11:12,460]  INFO {org.wso2.carbon.server.util.PatchUtils} -  Patch verification started
[2014-11-15 09:11:12,460]  INFO {org.wso2.carbon.server.util.PatchUtils} -  Patch verification successfully completed
[2014-11-15 10:34:09,104]  INFO {org.wso2.carbon.server.util.PatchUtils} -  Checking for patch changes ...
[2014-11-15 10:34:09,107]  INFO {org.wso2.carbon.server.util.PatchUtils} -  No new patch or service pack detected, server will start without applying patches 
[2014-11-15 10:34:09,107]  INFO {org.wso2.carbon.server.util.PatchUtils} -  Patch verification started
[2014-11-15 10:34:09,107]  INFO {org.wso2.carbon.server.util.PatchUtils} -  Patch verification successfully completed
[2014-11-15 10:37:20,218]  INFO {org.wso2.carbon.server.util.PatchUtils} -  Checking for patch changes ...
[2014-11-15 10:37:20,220]  INFO {org.wso2.carbon.server.util.PatchUtils} -  No new patch or service pack detected, server will start without applying patches 
[2014-11-15 10:37:20,221]  INFO {org.wso2.carbon.server.util.PatchUtils} -  Patch verification started
[2014-11-15 10:37:20,221]  INFO {org.wso2.carbon.server.util.PatchUtils} -  Patch verification successfully completed
[2014-11-16 09:50:13,971]  INFO {org.wso2.carbon.server.util.PatchUtils} -  Checking for patch changes ...
[2014-11-16 09:50:13,993]  INFO {org.wso2.carbon.server.util.PatchUtils} -  No new patch or service pack detected, server will start without applying patches 
[2014-11-16 09:50:13,993]  INFO {org.wso2.carbon.server.util.PatchUtils} -  Patch verification started
[2014-11-16 09:50:13,993]  INFO {org.wso2.carbon.server.util.PatchUtils} -  Patch verification successfully completed
[2014-11-16 14:21:00,608]  INFO {org.wso2.carbon.server.util.PatchUtils} -  Checking for patch changes ...
[2014-11-16 14:21:00,610]  INFO {org.wso2.carbon.server.util.PatchUtils} -  No new patch or service pack detected, server will start without applying patches 
[2014-11-16 14:21:00,610]  INFO {org.wso2.carbon.server.util.PatchUtils} -  Patch verification started
[2014-11-16 14:21:00,610]  INFO {org.wso2.carbon.server.util.PatchUtils} -  Patch verification successfully completed
[2014-11-16 15:58:39,146]  INFO {org.wso2.carbon.server.util.PatchUtils} -  Checking for patch changes ...
[2014-11-16 15:58:39,148]  INFO {org.wso2.carbon.server.util.PatchUtils} -  No new patch or service pack detected, server will start without applying patches 
[2014-11-16 15:58:39,148]  INFO {org.wso2.carbon.server.util.PatchUtils} -  Patch verification started
[2014-11-16 15:58:39,148]  INFO {org.wso2.carbon.server.util.PatchUtils} -  Patch verification successfully completed
[2014-11-16 16:45:30,117]  INFO {org.wso2.carbon.server.util.PatchUtils} -  Checking for patch changes ...
[2014-11-16 16:45:30,185]  INFO {org.wso2.carbon.server.util.PatchUtils} -  No new patch or service pack detected, server will start without applying patches 
[2014-11-16 16:45:30,185]  INFO {org.wso2.carbon.server.util.PatchUtils} -  Patch verification started
[2014-11-16 16:45:30,186]  INFO {org.wso2.carbon.server.util.PatchUtils} -  Patch verification successfully completed
[2014-11-16 17:12:01,673]  INFO {org.wso2.carbon.server.util.PatchUtils} -  Checking for patch changes ...
[2014-11-16 17:12:01,676]  INFO {org.wso2.carbon.server.util.PatchUtils} -  No new patch or service pack detected, server will start without applying patches 
[2014-11-16 17:12:01,676]  INFO {org.wso2.carbon.server.util.PatchUtils} -  Patch verification started
[2014-11-16 17:12:01,676]  INFO {org.wso2.carbon.server.util.PatchUtils} -  Patch verification successfully completed
[2014-11-17 09:02:10,461]  INFO {org.wso2.carbon.server.util.PatchUtils} -  Checking for patch changes ...
[2014-11-17 09:02:10,498]  INFO {org.wso2.carbon.server.util.PatchUtils} -  No new patch or service pack detected, server will start without applying patches 
[2014-11-17 09:02:10,499]  INFO {org.wso2.carbon.server.util.PatchUtils} -  Patch verification started
[2014-11-17 09:02:10,499]  INFO {org.wso2.carbon.server.util.PatchUtils} -  Patch verification successfully completed
[2014-11-17 09:31:23,236]  INFO {org.wso2.carbon.server.util.PatchUtils} -  Checking for patch changes ...
[2014-11-17 09:31:23,273]  INFO {org.wso2.carbon.server.util.PatchUtils} -  No new patch or service pack detected, server will start without applying patches 
[2014-11-17 09:31:23,273]  INFO {org.wso2.carbon.server.util.PatchUtils} -  Patch verification started
[2014-11-17 09:31:23,273]  INFO {org.wso2.carbon.server.util.PatchUtils} -  Patch verification successfully completed
[2014-11-17 17:36:50,132]  INFO {org.wso2.carbon.server.util.PatchUtils} -  Checking for patch changes ...
[2014-11-17 17:36:50,135]  INFO {org.wso2.carbon.server.util.PatchUtils} -  No new patch or service pack detected, server will start without applying patches 
[2014-11-17 17:36:50,135]  INFO {org.wso2.carbon.server.util.PatchUtils} -  Patch verification started
[2014-11-17 17:36:50,135]  INFO {org.wso2.carbon.server.util.PatchUtils} -  Patch verification successfully completed
[2014-11-17 17:41:23,713]  INFO {org.wso2.carbon.server.util.PatchUtils} -  Checking for patch changes ...
[2014-11-17 17:41:23,716]  INFO {org.wso2.carbon.server.util.PatchUtils} -  No new patch or service pack detected, server will start without applying patches 
[2014-11-17 17:41:23,716]  INFO {org.wso2.carbon.server.util.PatchUtils} -  Patch verification started
[2014-11-17 17:41:23,716]  INFO {org.wso2.carbon.server.util.PatchUtils} -  Patch verification successfully completed
[2014-11-17 17:52:07,086]  INFO {org.wso2.carbon.server.util.PatchUtils} -  Checking for patch changes ...
[2014-11-17 17:52:07,088]  INFO {org.wso2.carbon.server.util.PatchUtils} -  No new patch or service pack detected, server will start without applying patches 
[2014-11-17 17:52:07,089]  INFO {org.wso2.carbon.server.util.PatchUtils} -  Patch verification started
[2014-11-17 17:52:07,089]  INFO {org.wso2.carbon.server.util.PatchUtils} -  Patch verification successfully completed
[2014-11-17 18:00:28,580]  INFO {org.wso2.carbon.server.util.PatchUtils} -  Checking for patch changes ...
[2014-11-17 18:00:28,582]  INFO {org.wso2.carbon.server.util.PatchUtils} -  No new patch or service pack detected, server will start without applying patches 
[2014-11-17 18:00:28,582]  INFO {org.wso2.carbon.server.util.PatchUtils} -  Patch verification started
[2014-11-17 18:00:28,582]  INFO {org.wso2.carbon.server.util.PatchUtils} -  Patch verification successfully completed
[2014-11-17 18:15:53,510]  INFO {org.wso2.carbon.server.util.PatchUtils} -  Checking for patch changes ...
[2014-11-17 18:15:53,513]  INFO {org.wso2.carbon.server.util.PatchUtils} -  No new patch or service pack detected, server will start without applying patches 
[2014-11-17 18:15:53,514]  INFO {org.wso2.carbon.server.util.PatchUtils} -  Patch verification started
[2014-11-17 18:15:53,514]  INFO {org.wso2.carbon.server.util.PatchUtils} -  Patch verification successfully completed
[2014-11-18 10:05:49,981]  INFO {org.wso2.carbon.server.util.PatchUtils} -  Checking for patch changes ...
[2014-11-18 10:05:50,029]  INFO {org.wso2.carbon.server.util.PatchUtils} -  No new patch or service pack detected, server will start without applying patches 
[2014-11-18 10:05:50,030]  INFO {org.wso2.carbon.server.util.PatchUtils} -  Patch verification started
[2014-11-18 10:05:50,030]  INFO {org.wso2.carbon.server.util.PatchUtils} -  Patch verification successfully completed
[2014-11-18 14:18:06,428]  INFO {org.wso2.carbon.server.util.PatchUtils} -  Checking for patch changes ...
[2014-11-18 14:18:06,440]  INFO {org.wso2.carbon.server.util.PatchUtils} -  No new patch or service pack detected, server will start without applying patches 
[2014-11-18 14:18:06,441]  INFO {org.wso2.carbon.server.util.PatchUtils} -  Patch verification started
[2014-11-18 14:18:06,441]  INFO {org.wso2.carbon.server.util.PatchUtils} -  Patch verification successfully completed
[2014-11-20 10:06:20,130]  INFO {org.wso2.carbon.server.util.PatchUtils} -  Checking for patch changes ...
[2014-11-20 10:06:20,150]  INFO {org.wso2.carbon.server.util.PatchUtils} -  No new patch or service pack detected, server will start without applying patches 
[2014-11-20 10:06:20,150]  INFO {org.wso2.carbon.server.util.PatchUtils} -  Patch verification started
[2014-11-20 10:06:20,150]  INFO {org.wso2.carbon.server.util.PatchUtils} -  Patch verification successfully completed
[2014-11-20 12:28:56,721]  INFO {org.wso2.carbon.server.util.PatchUtils} -  Checking for patch changes ...
[2014-11-20 12:28:56,723]  INFO {org.wso2.carbon.server.util.PatchUtils} -  No new patch or service pack detected, server will start without applying patches 
[2014-11-20 12:28:56,723]  INFO {org.wso2.carbon.server.util.PatchUtils} -  Patch verification started
[2014-11-20 12:28:56,724]  INFO {org.wso2.carbon.server.util.PatchUtils} -  Patch verification successfully completed
[2014-11-20 12:36:07,001]  INFO {org.wso2.carbon.server.util.PatchUtils} -  Checking for patch changes ...
[2014-11-20 12:36:07,003]  INFO {org.wso2.carbon.server.util.PatchUtils} -  No new patch or service pack detected, server will start without applying patches 
[2014-11-20 12:36:07,003]  INFO {org.wso2.carbon.server.util.PatchUtils} -  Patch verification started
[2014-11-20 12:36:07,003]  INFO {org.wso2.carbon.server.util.PatchUtils} -  Patch verification successfully completed
[2014-11-24 13:46:12,712]  INFO {org.wso2.carbon.server.util.PatchUtils} -  Checking for patch changes ...
[2014-11-24 13:46:12,781]  INFO {org.wso2.carbon.server.util.PatchUtils} -  No new patch or service pack detected, server will start without applying patches 
[2014-11-24 13:46:12,781]  INFO {org.wso2.carbon.server.util.PatchUtils} -  Patch verification started
[2014-11-24 13:46:12,782]  INFO {org.wso2.carbon.server.util.PatchUtils} -  Patch verification successfully completed
[2014-11-24 14:00:42,253]  INFO {org.wso2.carbon.server.util.PatchUtils} -  Checking for patch changes ...
[2014-11-24 14:00:42,255]  INFO {org.wso2.carbon.server.util.PatchUtils} -  No new patch or service pack detected, server will start without applying patches 
[2014-11-24 14:00:42,256]  INFO {org.wso2.carbon.server.util.PatchUtils} -  Patch verification started
[2014-11-24 14:00:42,256]  INFO {org.wso2.carbon.server.util.PatchUtils} -  Patch verification successfully completed
[2015-01-28 10:32:16,192]  INFO {org.wso2.carbon.server.util.PatchUtils} -  Checking for patch changes ...
[2015-01-28 10:32:16,274]  INFO {org.wso2.carbon.server.util.PatchUtils} -  No new patch or service pack detected, server will start without applying patches 
[2015-01-28 10:32:16,274]  INFO {org.wso2.carbon.server.util.PatchUtils} -  Patch verification started
[2015-01-28 10:32:16,274]  INFO {org.wso2.carbon.server.util.PatchUtils} -  Patch verification successfully completed
[2015-01-29 15:08:04,139]  INFO {org.wso2.carbon.server.util.PatchUtils} -  Checking for patch changes ...
[2015-01-29 15:08:04,184]  INFO {org.wso2.carbon.server.util.PatchUtils} -  No new patch or service pack detected, server will start without applying patches 
[2015-01-29 15:08:04,185]  INFO {org.wso2.carbon.server.util.PatchUtils} -  Patch verification started
[2015-01-29 15:08:04,186]  INFO {org.wso2.carbon.server.util.PatchUtils} -  Patch verification successfully completed
[2016-10-11 16:26:12,672]  INFO {org.wso2.carbon.server.util.PatchUtils} -  Checking for patch changes ...
[2016-10-11 16:26:12,674]  INFO {org.wso2.carbon.server.util.PatchUtils} -  No new patch or service pack detected, server will start without applying patches 
[2016-10-11 16:26:12,674]  INFO {org.wso2.carbon.server.util.PatchUtils} -  Patch verification started
[2016-10-11 16:26:12,674]  INFO {org.wso2.carbon.server.util.PatchUtils} -  Patch verification successfully completed
[2016-10-12 08:44:36,108]  INFO {org.wso2.carbon.server.util.PatchUtils} -  Checking for patch changes ...
[2016-10-12 08:44:36,109]  INFO {org.wso2.carbon.server.util.PatchUtils} -  No new patch or service pack detected, server will start without applying patches 
[2016-10-12 08:44:36,110]  INFO {org.wso2.carbon.server.util.PatchUtils} -  Patch verification started
[2016-10-12 08:44:36,110]  INFO {org.wso2.carbon.server.util.PatchUtils} -  Patch verification successfully completed
[2016-10-12 09:42:37,063]  INFO {org.wso2.carbon.server.util.PatchUtils} -  Checking for patch changes ...
[2016-10-12 09:42:37,065]  INFO {org.wso2.carbon.server.util.PatchUtils} -  No new patch or service pack detected, server will start without applying patches 
[2016-10-12 09:42:37,066]  INFO {org.wso2.carbon.server.util.PatchUtils} -  Patch verification started
[2016-10-12 09:42:37,066]  INFO {org.wso2.carbon.server.util.PatchUtils} -  Patch verification successfully completed
[2016-10-12 09:49:20,470]  INFO {org.wso2.carbon.server.util.PatchUtils} -  Checking for patch changes ...
[2016-10-12 09:49:20,472]  INFO {org.wso2.carbon.server.util.PatchUtils} -  No new patch or service pack detected, server will start without applying patches 
[2016-10-12 09:49:20,472]  INFO {org.wso2.carbon.server.util.PatchUtils} -  Patch verification started
[2016-10-12 09:49:20,472]  INFO {org.wso2.carbon.server.util.PatchUtils} -  Patch verification successfully completed
[2016-10-12 10:43:41,060]  INFO {org.wso2.carbon.server.util.PatchUtils} -  Checking for patch changes ...
[2016-10-12 10:43:41,064]  INFO {org.wso2.carbon.server.util.PatchUtils} -  No new patch or service pack detected, server will start without applying patches 
[2016-10-12 10:43:41,065]  INFO {org.wso2.carbon.server.util.PatchUtils} -  Patch verification started
[2016-10-12 10:43:41,065]  INFO {org.wso2.carbon.server.util.PatchUtils} -  Patch verification successfully completed
[2016-10-12 10:44:53,644]  INFO {org.wso2.carbon.server.util.PatchUtils} -  Checking for patch changes ...
[2016-10-12 10:44:53,645]  INFO {org.wso2.carbon.server.util.PatchUtils} -  No new patch or service pack detected, server will start without applying patches 
[2016-10-12 10:44:53,645]  INFO {org.wso2.carbon.server.util.PatchUtils} -  Patch verification started
[2016-10-12 10:44:53,646]  INFO {org.wso2.carbon.server.util.PatchUtils} -  Patch verification successfully completed
[2016-10-12 10:56:45,855]  INFO {org.wso2.carbon.server.util.PatchUtils} -  Checking for patch changes ...
[2016-10-12 10:56:45,856]  INFO {org.wso2.carbon.server.util.PatchUtils} -  No new patch or service pack detected, server will start without applying patches 
[2016-10-12 10:56:45,856]  INFO {org.wso2.carbon.server.util.PatchUtils} -  Patch verification started
[2016-10-12 10:56:45,856]  INFO {org.wso2.carbon.server.util.PatchUtils} -  Patch verification successfully completed
[2016-10-12 11:00:49,327]  INFO {org.wso2.carbon.server.util.PatchUtils} -  Checking for patch changes ...
[2016-10-12 11:00:49,328]  INFO {org.wso2.carbon.server.util.PatchUtils} -  No new patch or service pack detected, server will start without applying patches 
[2016-10-12 11:00:49,328]  INFO {org.wso2.carbon.server.util.PatchUtils} -  Patch verification started
[2016-10-12 11:00:49,328]  INFO {org.wso2.carbon.server.util.PatchUtils} -  Patch verification successfully completed
[2016-10-12 11:21:59,228]  INFO {org.wso2.carbon.server.util.PatchUtils} -  Checking for patch changes ...
[2016-10-12 11:21:59,233]  INFO {org.wso2.carbon.server.util.PatchUtils} -  No new patch or service pack detected, server will start without applying patches 
[2016-10-12 11:21:59,233]  INFO {org.wso2.carbon.server.util.PatchUtils} -  Patch verification started
[2016-10-12 11:21:59,233]  INFO {org.wso2.carbon.server.util.PatchUtils} -  Patch verification successfully completed
[2016-10-12 11:31:07,832]  INFO {org.wso2.carbon.server.util.PatchUtils} -  Checking for patch changes ...
[2016-10-12 11:31:07,834]  INFO {org.wso2.carbon.server.util.PatchUtils} -  No new patch or service pack detected, server will start without applying patches 
[2016-10-12 11:31:07,834]  INFO {org.wso2.carbon.server.util.PatchUtils} -  Patch verification started
[2016-10-12 11:31:07,834]  INFO {org.wso2.carbon.server.util.PatchUtils} -  Patch verification successfully completed
[2016-10-12 11:32:21,137]  INFO {org.wso2.carbon.server.util.PatchUtils} -  Checking for patch changes ...
[2016-10-12 11:32:21,138]  INFO {org.wso2.carbon.server.util.PatchUtils} -  No new patch or service pack detected, server will start without applying patches 
[2016-10-12 11:32:21,139]  INFO {org.wso2.carbon.server.util.PatchUtils} -  Patch verification started
[2016-10-12 11:32:21,139]  INFO {org.wso2.carbon.server.util.PatchUtils} -  Patch verification successfully completed
[2016-10-12 11:49:51,671]  INFO {org.wso2.carbon.server.util.PatchUtils} -  Checking for patch changes ...
[2016-10-12 11:49:51,672]  INFO {org.wso2.carbon.server.util.PatchUtils} -  No new patch or service pack detected, server will start without applying patches 
[2016-10-12 11:49:51,672]  INFO {org.wso2.carbon.server.util.PatchUtils} -  Patch verification started
[2016-10-12 11:49:51,673]  INFO {org.wso2.carbon.server.util.PatchUtils} -  Patch verification successfully completed
[2016-10-12 12:01:46,337]  INFO {org.wso2.carbon.server.util.PatchUtils} -  Checking for patch changes ...
[2016-10-12 12:01:46,339]  INFO {org.wso2.carbon.server.util.PatchUtils} -  No new patch or service pack detected, server will start without applying patches 
[2016-10-12 12:01:46,339]  INFO {org.wso2.carbon.server.util.PatchUtils} -  Patch verification started
[2016-10-12 12:01:46,339]  INFO {org.wso2.carbon.server.util.PatchUtils} -  Patch verification successfully completed
[2016-10-12 13:45:18,366]  INFO {org.wso2.carbon.server.util.PatchUtils} -  Checking for patch changes ...
[2016-10-12 13:45:18,376]  INFO {org.wso2.carbon.server.util.PatchUtils} -  No new patch or service pack detected, server will start without applying patches 
[2016-10-12 13:45:18,378]  INFO {org.wso2.carbon.server.util.PatchUtils} -  Patch verification started
[2016-10-12 13:45:18,378]  INFO {org.wso2.carbon.server.util.PatchUtils} -  Patch verification successfully completed
[2016-10-12 14:12:40,098]  INFO {org.wso2.carbon.server.util.PatchUtils} -  Checking for patch changes ...
[2016-10-12 14:12:40,100]  INFO {org.wso2.carbon.server.util.PatchUtils} -  No new patch or service pack detected, server will start without applying patches 
[2016-10-12 14:12:40,100]  INFO {org.wso2.carbon.server.util.PatchUtils} -  Patch verification started
[2016-10-12 14:12:40,100]  INFO {org.wso2.carbon.server.util.PatchUtils} -  Patch verification successfully completed
[2016-10-12 14:14:13,300]  INFO {org.wso2.carbon.server.util.PatchUtils} -  Checking for patch changes ...
[2016-10-12 14:14:13,302]  INFO {org.wso2.carbon.server.util.PatchUtils} -  No new patch or service pack detected, server will start without applying patches 
[2016-10-12 14:14:13,303]  INFO {org.wso2.carbon.server.util.PatchUtils} -  Patch verification started
[2016-10-12 14:14:13,303]  INFO {org.wso2.carbon.server.util.PatchUtils} -  Patch verification successfully completed
[2016-10-12 14:35:55,402]  INFO {org.wso2.carbon.server.util.PatchUtils} -  Checking for patch changes ...
[2016-10-12 14:35:55,403]  INFO {org.wso2.carbon.server.util.PatchUtils} -  No new patch or service pack detected, server will start without applying patches 
[2016-10-12 14:35:55,403]  INFO {org.wso2.carbon.server.util.PatchUtils} -  Patch verification started
[2016-10-12 14:35:55,404]  INFO {org.wso2.carbon.server.util.PatchUtils} -  Patch verification successfully completed
[2016-10-12 14:40:40,457]  INFO {org.wso2.carbon.server.util.PatchUtils} -  Checking for patch changes ...
[2016-10-12 14:40:40,459]  INFO {org.wso2.carbon.server.util.PatchUtils} -  No new patch or service pack detected, server will start without applying patches 
[2016-10-12 14:40:40,459]  INFO {org.wso2.carbon.server.util.PatchUtils} -  Patch verification started
[2016-10-12 14:40:40,459]  INFO {org.wso2.carbon.server.util.PatchUtils} -  Patch verification successfully completed
[2016-10-12 15:21:19,790]  INFO {org.wso2.carbon.server.util.PatchUtils} -  Checking for patch changes ...
[2016-10-12 15:21:19,792]  INFO {org.wso2.carbon.server.util.PatchUtils} -  No new patch or service pack detected, server will start without applying patches 
[2016-10-12 15:21:19,792]  INFO {org.wso2.carbon.server.util.PatchUtils} -  Patch verification started
[2016-10-12 15:21:19,793]  INFO {org.wso2.carbon.server.util.PatchUtils} -  Patch verification successfully completed
[2016-10-12 15:24:47,326]  INFO {org.wso2.carbon.server.util.PatchUtils} -  Checking for patch changes ...
[2016-10-12 15:24:47,328]  INFO {org.wso2.carbon.server.util.PatchUtils} -  No new patch or service pack detected, server will start without applying patches 
[2016-10-12 15:24:47,328]  INFO {org.wso2.carbon.server.util.PatchUtils} -  Patch verification started
[2016-10-12 15:24:47,328]  INFO {org.wso2.carbon.server.util.PatchUtils} -  Patch verification successfully completed
[2016-10-12 15:25:59,558]  INFO {org.wso2.carbon.server.util.PatchUtils} -  Checking for patch changes ...
[2016-10-12 15:25:59,560]  INFO {org.wso2.carbon.server.util.PatchUtils} -  No new patch or service pack detected, server will start without applying patches 
[2016-10-12 15:25:59,561]  INFO {org.wso2.carbon.server.util.PatchUtils} -  Patch verification started
[2016-10-12 15:25:59,561]  INFO {org.wso2.carbon.server.util.PatchUtils} -  Patch verification successfully completed
[2016-10-12 16:30:11,793]  INFO {org.wso2.carbon.server.util.PatchUtils} -  Checking for patch changes ...
[2016-10-12 16:30:11,795]  INFO {org.wso2.carbon.server.util.PatchUtils} -  No new patch or service pack detected, server will start without applying patches 
[2016-10-12 16:30:11,795]  INFO {org.wso2.carbon.server.util.PatchUtils} -  Patch verification started
[2016-10-12 16:30:11,795]  INFO {org.wso2.carbon.server.util.PatchUtils} -  Patch verification successfully completed
[2016-10-12 16:59:04,351]  INFO {org.wso2.carbon.server.util.PatchUtils} -  Checking for patch changes ...
[2016-10-12 16:59:04,352]  INFO {org.wso2.carbon.server.util.PatchUtils} -  No new patch or service pack detected, server will start without applying patches 
[2016-10-12 16:59:04,353]  INFO {org.wso2.carbon.server.util.PatchUtils} -  Patch verification started
[2016-10-12 16:59:04,353]  INFO {org.wso2.carbon.server.util.PatchUtils} -  Patch verification successfully completed
[2016-10-13 09:09:57,135]  INFO {org.wso2.carbon.server.util.PatchUtils} -  Checking for patch changes ...
[2016-10-13 09:09:57,137]  INFO {org.wso2.carbon.server.util.PatchUtils} -  No new patch or service pack detected, server will start without applying patches 
[2016-10-13 09:09:57,137]  INFO {org.wso2.carbon.server.util.PatchUtils} -  Patch verification started
[2016-10-13 09:09:57,137]  INFO {org.wso2.carbon.server.util.PatchUtils} -  Patch verification successfully completed
[2016-10-13 11:29:17,829]  INFO {org.wso2.carbon.server.util.PatchUtils} -  Checking for patch changes ...
[2016-10-13 11:29:17,831]  INFO {org.wso2.carbon.server.util.PatchUtils} -  No new patch or service pack detected, server will start without applying patches 
[2016-10-13 11:29:17,835]  INFO {org.wso2.carbon.server.util.PatchUtils} -  Patch verification started
[2016-10-13 11:29:17,836]  INFO {org.wso2.carbon.server.util.PatchUtils} -  Patch verification successfully completed
[2016-10-13 11:57:33,011]  INFO {org.wso2.carbon.server.util.PatchUtils} -  Checking for patch changes ...
[2016-10-13 11:57:33,013]  INFO {org.wso2.carbon.server.util.PatchUtils} -  No new patch or service pack detected, server will start without applying patches 
[2016-10-13 11:57:33,013]  INFO {org.wso2.carbon.server.util.PatchUtils} -  Patch verification started
[2016-10-13 11:57:33,013]  INFO {org.wso2.carbon.server.util.PatchUtils} -  Patch verification successfully completed
[2016-10-13 12:03:37,563]  INFO {org.wso2.carbon.server.util.PatchUtils} -  Checking for patch changes ...
[2016-10-13 12:03:37,565]  INFO {org.wso2.carbon.server.util.PatchUtils} -  No new patch or service pack detected, server will start without applying patches 
[2016-10-13 12:03:37,565]  INFO {org.wso2.carbon.server.util.PatchUtils} -  Patch verification started
[2016-10-13 12:03:37,565]  INFO {org.wso2.carbon.server.util.PatchUtils} -  Patch verification successfully completed
[2016-10-13 12:29:40,191]  INFO {org.wso2.carbon.server.util.PatchUtils} -  Checking for patch changes ...
[2016-10-13 12:29:40,192]  INFO {org.wso2.carbon.server.util.PatchUtils} -  No new patch or service pack detected, server will start without applying patches 
[2016-10-13 12:29:40,193]  INFO {org.wso2.carbon.server.util.PatchUtils} -  Patch verification started
[2016-10-13 12:29:40,193]  INFO {org.wso2.carbon.server.util.PatchUtils} -  Patch verification successfully completed
[2016-10-13 12:54:41,628]  INFO {org.wso2.carbon.server.util.PatchUtils} -  Checking for patch changes ...
[2016-10-13 12:54:41,630]  INFO {org.wso2.carbon.server.util.PatchUtils} -  No new patch or service pack detected, server will start without applying patches 
[2016-10-13 12:54:41,630]  INFO {org.wso2.carbon.server.util.PatchUtils} -  Patch verification started
[2016-10-13 12:54:41,630]  INFO {org.wso2.carbon.server.util.PatchUtils} -  Patch verification successfully completed
[2016-10-13 13:45:20,646]  INFO {org.wso2.carbon.server.util.PatchUtils} -  Checking for patch changes ...
[2016-10-13 13:45:20,647]  INFO {org.wso2.carbon.server.util.PatchUtils} -  No new patch or service pack detected, server will start without applying patches 
[2016-10-13 13:45:20,648]  INFO {org.wso2.carbon.server.util.PatchUtils} -  Patch verification started
[2016-10-13 13:45:20,648]  INFO {org.wso2.carbon.server.util.PatchUtils} -  Patch verification successfully completed
[2016-10-13 14:17:49,072]  INFO {org.wso2.carbon.server.util.PatchUtils} -  Checking for patch changes ...
[2016-10-13 14:17:49,075]  INFO {org.wso2.carbon.server.util.PatchUtils} -  No new patch or service pack detected, server will start without applying patches 
[2016-10-13 14:17:49,075]  INFO {org.wso2.carbon.server.util.PatchUtils} -  Patch verification started
[2016-10-13 14:17:49,076]  INFO {org.wso2.carbon.server.util.PatchUtils} -  Patch verification successfully completed
[2016-10-13 14:48:23,443]  INFO {org.wso2.carbon.server.util.PatchUtils} -  Checking for patch changes ...
[2016-10-13 14:48:23,460]  INFO {org.wso2.carbon.server.util.PatchUtils} -  No new patch or service pack detected, server will start without applying patches 
[2016-10-13 14:48:23,462]  INFO {org.wso2.carbon.server.util.PatchUtils} -  Patch verification started
[2016-10-13 14:48:23,462]  INFO {org.wso2.carbon.server.util.PatchUtils} -  Patch verification successfully completed
[2016-10-13 15:02:15,678]  INFO {org.wso2.carbon.server.util.PatchUtils} -  Checking for patch changes ...
[2016-10-13 15:02:15,683]  INFO {org.wso2.carbon.server.util.PatchUtils} -  No new patch or service pack detected, server will start without applying patches 
[2016-10-13 15:02:15,684]  INFO {org.wso2.carbon.server.util.PatchUtils} -  Patch verification started
[2016-10-13 15:02:15,684]  INFO {org.wso2.carbon.server.util.PatchUtils} -  Patch verification successfully completed
[2016-10-13 15:26:26,739]  INFO {org.wso2.carbon.server.util.PatchUtils} -  Checking for patch changes ...
[2016-10-13 15:26:26,741]  INFO {org.wso2.carbon.server.util.PatchUtils} -  No new patch or service pack detected, server will start without applying patches 
[2016-10-13 15:26:26,741]  INFO {org.wso2.carbon.server.util.PatchUtils} -  Patch verification started
[2016-10-13 15:26:26,742]  INFO {org.wso2.carbon.server.util.PatchUtils} -  Patch verification successfully completed
[2016-10-14 09:00:41,819]  INFO {org.wso2.carbon.server.util.PatchUtils} -  Checking for patch changes ...
[2016-10-14 09:00:41,822]  INFO {org.wso2.carbon.server.util.PatchUtils} -  No new patch or service pack detected, server will start without applying patches 
[2016-10-14 09:00:41,822]  INFO {org.wso2.carbon.server.util.PatchUtils} -  Patch verification started
[2016-10-14 09:00:41,822]  INFO {org.wso2.carbon.server.util.PatchUtils} -  Patch verification successfully completed
[2016-10-14 10:36:48,190]  INFO {org.wso2.carbon.server.util.PatchUtils} -  Checking for patch changes ...
[2016-10-14 10:36:48,191]  INFO {org.wso2.carbon.server.util.PatchUtils} -  No new patch or service pack detected, server will start without applying patches 
[2016-10-14 10:36:48,192]  INFO {org.wso2.carbon.server.util.PatchUtils} -  Patch verification started
[2016-10-14 10:36:48,192]  INFO {org.wso2.carbon.server.util.PatchUtils} -  Patch verification successfully completed
[2016-10-14 10:44:08,653]  INFO {org.wso2.carbon.server.util.PatchUtils} -  Checking for patch changes ...
[2016-10-14 10:44:08,654]  INFO {org.wso2.carbon.server.util.PatchUtils} -  No new patch or service pack detected, server will start without applying patches 
[2016-10-14 10:44:08,654]  INFO {org.wso2.carbon.server.util.PatchUtils} -  Patch verification started
[2016-10-14 10:44:08,654]  INFO {org.wso2.carbon.server.util.PatchUtils} -  Patch verification successfully completed
[2016-10-14 16:54:26,829]  INFO {org.wso2.carbon.server.util.PatchUtils} -  Checking for patch changes ...
[2016-10-14 16:54:26,832]  INFO {org.wso2.carbon.server.util.PatchUtils} -  No new patch or service pack detected, server will start without applying patches 
[2016-10-14 16:54:26,832]  INFO {org.wso2.carbon.server.util.PatchUtils} -  Patch verification started
[2016-10-14 16:54:26,833]  INFO {org.wso2.carbon.server.util.PatchUtils} -  Patch verification successfully completed
