TID: [0] [ESB] [2016-10-14 09:00:39,797]  INFO {org.wso2.carbon.core.internal.CarbonCoreActivator} -  Starting WSO2 Carbon... {org.wso2.carbon.core.internal.CarbonCoreActivator}
TID: [0] [ESB] [2016-10-14 09:00:39,801]  INFO {org.wso2.carbon.core.internal.CarbonCoreActivator} -  Operating System : Linux 3.13.0-55-generic, amd64 {org.wso2.carbon.core.internal.CarbonCoreActivator}
TID: [0] [ESB] [2016-10-14 09:00:39,801]  INFO {org.wso2.carbon.core.internal.CarbonCoreActivator} -  Java Home        : /usr/local/java/jdk1.7.0_75/jre {org.wso2.carbon.core.internal.CarbonCoreActivator}
TID: [0] [ESB] [2016-10-14 09:00:39,801]  INFO {org.wso2.carbon.core.internal.CarbonCoreActivator} -  Java Version     : 1.7.0_75 {org.wso2.carbon.core.internal.CarbonCoreActivator}
TID: [0] [ESB] [2016-10-14 09:00:39,801]  INFO {org.wso2.carbon.core.internal.CarbonCoreActivator} -  Java VM          : Java HotSpot(TM) 64-Bit Server VM 24.75-b04,Oracle Corporation {org.wso2.carbon.core.internal.CarbonCoreActivator}
TID: [0] [ESB] [2016-10-14 09:00:39,801]  INFO {org.wso2.carbon.core.internal.CarbonCoreActivator} -  Carbon Home      : /home/thilini/Documents/streamprocesor/traffic/TrafficAnalyzerBundle/wso2esb-4.9.0-SNAPSHOT {org.wso2.carbon.core.internal.CarbonCoreActivator}
TID: [0] [ESB] [2016-10-14 09:00:39,801]  INFO {org.wso2.carbon.core.internal.CarbonCoreActivator} -  Java Temp Dir    : /home/thilini/Documents/streamprocesor/traffic/TrafficAnalyzerBundle/wso2esb-4.9.0-SNAPSHOT/tmp {org.wso2.carbon.core.internal.CarbonCoreActivator}
TID: [0] [ESB] [2016-10-14 09:00:39,801]  INFO {org.wso2.carbon.core.internal.CarbonCoreActivator} -  User             : thilini, en-US, Asia/Colombo {org.wso2.carbon.core.internal.CarbonCoreActivator}
TID: [0] [ESB] [2016-10-14 09:00:39,864]  WARN {org.wso2.carbon.core.bootup.validator.util.ValidationResultPrinter} -  Carbon is configured to use the default keystore (wso2carbon.jks). To maximize security when deploying to a production environment, configure a new keystore with a unique password in the production server profile. {org.wso2.carbon.core.bootup.validator.util.ValidationResultPrinter}
TID: [0] [ESB] [2016-10-14 09:00:39,870]  INFO {org.wso2.carbon.databridge.agent.thrift.AgentHolder} -  Agent created ! {org.wso2.carbon.databridge.agent.thrift.AgentHolder}
TID: [0] [ESB] [2016-10-14 09:00:39,888]  INFO {org.wso2.carbon.databridge.agent.thrift.internal.AgentDS} -  Successfully deployed Agent Client {org.wso2.carbon.databridge.agent.thrift.internal.AgentDS}
TID: [0] [ESB] [2016-10-14 09:00:41,443]  INFO {org.wso2.carbon.registry.core.jdbc.EmbeddedRegistryService} -  Configured Registry in 36ms {org.wso2.carbon.registry.core.jdbc.EmbeddedRegistryService}
TID: [0] [ESB] [2016-10-14 09:00:41,522]  INFO {org.wso2.carbon.registry.core.internal.RegistryCoreServiceComponent} -  Registry Mode    : READ-WRITE {org.wso2.carbon.registry.core.internal.RegistryCoreServiceComponent}
TID: [0] [ESB] [2016-10-14 09:00:41,871]  INFO {org.wso2.carbon.user.core.internal.UserStoreMgtDSComponent} -  Carbon UserStoreMgtDSComponent activated successfully. {org.wso2.carbon.user.core.internal.UserStoreMgtDSComponent}
TID: [0] [ESB] [2016-10-14 09:00:54,920]  INFO {org.apache.catalina.startup.TaglibUriRule} -  TLD skipped. URI: http://tiles.apache.org/tags-tiles is already defined {org.apache.catalina.startup.TaglibUriRule}
TID: [0] [ESB] [2016-10-14 09:00:55,488]  INFO {org.apache.axis2.deployment.ClusterBuilder} -  Clustering has been disabled {org.apache.axis2.deployment.ClusterBuilder}
TID: [0] [ESB] [2016-10-14 09:00:55,834]  INFO {org.wso2.carbon.identity.user.store.configuration.deployer.UserStoreConfigurationDeployer} -  User Store Configuration Deployer initiated. {org.wso2.carbon.identity.user.store.configuration.deployer.UserStoreConfigurationDeployer}
TID: [0] [ESB] [2016-10-14 09:00:55,885]  INFO {org.apache.synapse.transport.passthru.PassThroughHttpSSLSender} -  Initializing Pass-through HTTP/S Sender... {org.apache.synapse.transport.passthru.PassThroughHttpSSLSender}
TID: [0] [ESB] [2016-10-14 09:00:55,896]  INFO {org.apache.synapse.transport.nhttp.config.ClientConnFactoryBuilder} -  HTTPS Loading Identity Keystore from : repository/resources/security/wso2carbon.jks {org.apache.synapse.transport.nhttp.config.ClientConnFactoryBuilder}
TID: [0] [ESB] [2016-10-14 09:00:55,900]  INFO {org.apache.synapse.transport.nhttp.config.ClientConnFactoryBuilder} -  HTTPS Loading Trust Keystore from : repository/resources/security/client-truststore.jks {org.apache.synapse.transport.nhttp.config.ClientConnFactoryBuilder}
TID: [0] [ESB] [2016-10-14 09:00:55,952]  INFO {org.apache.synapse.transport.passthru.PassThroughHttpSSLSender} -  Pass-through HTTPS Sender started... {org.apache.synapse.transport.passthru.PassThroughHttpSSLSender}
TID: [0] [ESB] [2016-10-14 09:00:55,952]  INFO {org.apache.synapse.transport.passthru.PassThroughHttpSender} -  Initializing Pass-through HTTP/S Sender... {org.apache.synapse.transport.passthru.PassThroughHttpSender}
TID: [0] [ESB] [2016-10-14 09:00:55,954]  INFO {org.apache.synapse.transport.passthru.PassThroughHttpSender} -  Pass-through HTTP Sender started... {org.apache.synapse.transport.passthru.PassThroughHttpSender}
TID: [0] [ESB] [2016-10-14 09:00:56,081]  INFO {org.wso2.carbon.core.deployment.DeploymentInterceptor} -  Deploying Axis2 service: echo {super-tenant} {org.wso2.carbon.core.deployment.DeploymentInterceptor}
TID: [0] [ESB] [2016-10-14 09:00:56,206]  INFO {org.apache.axis2.deployment.DeploymentEngine} -  Deploying Web service: Echo.aar - file:/home/thilini/Documents/streamprocesor/traffic/TrafficAnalyzerBundle/wso2esb-4.9.0-SNAPSHOT/repository/deployment/server/axis2services/Echo.aar {org.apache.axis2.deployment.DeploymentEngine}
TID: [0] [ESB] [2016-10-14 09:00:56,296]  INFO {org.wso2.carbon.core.deployment.DeploymentInterceptor} -  Deploying Axis2 service: echo {super-tenant} {org.wso2.carbon.core.deployment.DeploymentInterceptor}
TID: [0] [ESB] [2016-10-14 09:00:56,458]  INFO {org.wso2.carbon.core.deployment.DeploymentInterceptor} -  Deploying Axis2 service: Version {super-tenant} {org.wso2.carbon.core.deployment.DeploymentInterceptor}
TID: [0] [ESB] [2016-10-14 09:00:56,470]  INFO {org.apache.axis2.deployment.DeploymentEngine} -  Deploying Web service: Version.aar - file:/home/thilini/Documents/streamprocesor/traffic/TrafficAnalyzerBundle/wso2esb-4.9.0-SNAPSHOT/repository/deployment/server/axis2services/Version.aar {org.apache.axis2.deployment.DeploymentEngine}
TID: [0] [ESB] [2016-10-14 09:00:56,490]  INFO {org.wso2.carbon.core.deployment.DeploymentInterceptor} -  Deploying Axis2 service: Version {super-tenant} {org.wso2.carbon.core.deployment.DeploymentInterceptor}
TID: [0] [ESB] [2016-10-14 09:00:56,546]  INFO {org.apache.synapse.transport.passthru.PassThroughHttpSSLListener} -  Initializing Pass-through HTTP/S Listener... {org.apache.synapse.transport.passthru.PassThroughHttpSSLListener}
TID: [0] [ESB] [2016-10-14 09:00:56,561]  INFO {org.apache.synapse.transport.passthru.PassThroughHttpListener} -  Initializing Pass-through HTTP/S Listener... {org.apache.synapse.transport.passthru.PassThroughHttpListener}
TID: [0] [ESB] [2016-10-14 09:00:56,663]  INFO {org.apache.axis2.deployment.ModuleDeployer} -  Deploying module: addressing-1.6.1-wso2v11-20140629.223455-339 - file:/home/thilini/Documents/streamprocesor/traffic/TrafficAnalyzerBundle/wso2esb-4.9.0-SNAPSHOT/repository/deployment/client/modules/addressing-1.6.1-wso2v11-20140629.223455-339.mar {org.apache.axis2.deployment.ModuleDeployer}
TID: [0] [ESB] [2016-10-14 09:00:56,671]  INFO {org.apache.axis2.deployment.ModuleDeployer} -  Deploying module: rampart-1.6.1-wso2v8 - file:/home/thilini/Documents/streamprocesor/traffic/TrafficAnalyzerBundle/wso2esb-4.9.0-SNAPSHOT/repository/deployment/client/modules/rampart-1.6.1-wso2v8.mar {org.apache.axis2.deployment.ModuleDeployer}
TID: [0] [ESB] [2016-10-14 09:00:56,679]  INFO {org.apache.axis2.transport.tcp.TCPTransportSender} -  TCP Sender started {org.apache.axis2.transport.tcp.TCPTransportSender}
TID: [0] [ESB] [2016-10-14 09:00:57,149]  WARN {org.apache.axis2.description.java2wsdl.DefaultSchemaGenerator} -  We don't support method overloading. Ignoring [validateAudienceRestriction] {org.apache.axis2.description.java2wsdl.DefaultSchemaGenerator}
TID: [0] [ESB] [2016-10-14 09:00:57,350]  INFO {org.apache.axis2.deployment.DeploymentEngine} -  Deploying Web service: org.wso2.carbon.message.processor -  {org.apache.axis2.deployment.DeploymentEngine}
TID: [0] [ESB] [2016-10-14 09:00:57,358]  INFO {org.apache.axis2.deployment.DeploymentEngine} -  Deploying Web service: org.wso2.carbon.message.store -  {org.apache.axis2.deployment.DeploymentEngine}
TID: [0] [ESB] [2016-10-14 09:00:58,185]  INFO {org.wso2.carbon.core.deployment.DeploymentInterceptor} -  Deploying Axis2 service: wso2carbon-sts {super-tenant} {org.wso2.carbon.core.deployment.DeploymentInterceptor}
TID: [0] [ESB] [2016-10-14 09:00:58,228]  INFO {org.apache.axis2.deployment.DeploymentEngine} -  Deploying Web service: org.wso2.carbon.sts -  {org.apache.axis2.deployment.DeploymentEngine}
TID: [0] [ESB] [2016-10-14 09:00:58,418]  INFO {org.apache.axis2.deployment.DeploymentEngine} -  Deploying Web service: org.wso2.carbon.tryit -  {org.apache.axis2.deployment.DeploymentEngine}
TID: [0] [ESB] [2016-10-14 09:00:58,650]  INFO {org.wso2.carbon.core.init.CarbonServerManager} -  Repository       : /home/thilini/Documents/streamprocesor/traffic/TrafficAnalyzerBundle/wso2esb-4.9.0-SNAPSHOT/repository/deployment/server/ {org.wso2.carbon.core.init.CarbonServerManager}
TID: [0] [ESB] [2016-10-14 09:00:58,720]  INFO {org.wso2.carbon.core.internal.permission.update.PermissionUpdater} -  Permission cache updated for tenant -1234 {org.wso2.carbon.core.internal.permission.update.PermissionUpdater}
TID: [0] [ESB] [2016-10-14 09:00:58,775]  INFO {org.wso2.carbon.mediation.initializer.ServiceBusInitializer} -  Starting ESB... {org.wso2.carbon.mediation.initializer.ServiceBusInitializer}
TID: [0] [ESB] [2016-10-14 09:00:58,789]  INFO {org.wso2.carbon.mediation.initializer.ServiceBusInitializer} -  Initializing Apache Synapse... {org.wso2.carbon.mediation.initializer.ServiceBusInitializer}
TID: [0] [ESB] [2016-10-14 09:00:58,797]  INFO {org.apache.synapse.SynapseControllerFactory} -  Using Synapse home : /home/thilini/Documents/streamprocesor/traffic/TrafficAnalyzerBundle/wso2esb-4.9.0-SNAPSHOT/. {org.apache.synapse.SynapseControllerFactory}
TID: [0] [ESB] [2016-10-14 09:00:58,798]  INFO {org.apache.synapse.SynapseControllerFactory} -  Using synapse.xml location : /home/thilini/Documents/streamprocesor/traffic/TrafficAnalyzerBundle/wso2esb-4.9.0-SNAPSHOT/././repository/deployment/server/synapse-configs/default {org.apache.synapse.SynapseControllerFactory}
TID: [0] [ESB] [2016-10-14 09:00:58,798]  INFO {org.apache.synapse.SynapseControllerFactory} -  Using server name : localhost {org.apache.synapse.SynapseControllerFactory}
TID: [0] [ESB] [2016-10-14 09:00:58,808]  INFO {org.apache.synapse.SynapseControllerFactory} -  The timeout handler will run every : 15s {org.apache.synapse.SynapseControllerFactory}
TID: [0] [ESB] [2016-10-14 09:00:58,817]  INFO {org.apache.synapse.Axis2SynapseController} -  Initializing Synapse at : Fri Oct 14 09:00:58 IST 2016 {org.apache.synapse.Axis2SynapseController}
TID: [0] [ESB] [2016-10-14 09:00:58,820]  INFO {org.wso2.carbon.mediation.initializer.CarbonSynapseController} -  Loading the mediation configuration from the file system {org.wso2.carbon.mediation.initializer.CarbonSynapseController}
TID: [0] [ESB] [2016-10-14 09:00:58,822]  INFO {org.apache.synapse.config.xml.MultiXMLConfigurationBuilder} -  Building synapse configuration from the synapse artifact repository at : ././repository/deployment/server/synapse-configs/default {org.apache.synapse.config.xml.MultiXMLConfigurationBuilder}
TID: [0] [ESB] [2016-10-14 09:00:58,823]  INFO {org.apache.synapse.config.xml.XMLConfigurationBuilder} -  Generating the Synapse configuration model by parsing the XML configuration {org.apache.synapse.config.xml.XMLConfigurationBuilder}
TID: [0] [ESB] [2016-10-14 09:00:58,927]  INFO {org.apache.synapse.config.SynapseConfigurationBuilder} -  Loaded Synapse configuration from the artifact repository at : ././repository/deployment/server/synapse-configs/default {org.apache.synapse.config.SynapseConfigurationBuilder}
TID: [0] [ESB] [2016-10-14 09:00:58,930]  INFO {org.apache.synapse.Axis2SynapseController} -  Loading mediator extensions... {org.apache.synapse.Axis2SynapseController}
TID: [0] [ESB] [2016-10-14 09:00:58,931]  INFO {org.apache.synapse.Axis2SynapseController} -  Deploying the Synapse service... {org.apache.synapse.Axis2SynapseController}
TID: [0] [ESB] [2016-10-14 09:00:58,932]  INFO {org.apache.synapse.Axis2SynapseController} -  Deploying Proxy services... {org.apache.synapse.Axis2SynapseController}
TID: [0] [ESB] [2016-10-14 09:00:58,933]  INFO {org.apache.synapse.Axis2SynapseController} -  Deploying EventSources... {org.apache.synapse.Axis2SynapseController}
TID: [0] [ESB] [2016-10-14 09:00:58,940]  INFO {org.apache.synapse.inbound.InboundEndpoint} -  Initializing Inbound Endpoint: twitter_listener_ep {org.apache.synapse.inbound.InboundEndpoint}
TID: [0] [ESB] [2016-10-14 09:00:58,943]  INFO {org.apache.synapse.protocol.twitter.TwitterProcessor} -  Initializing inbound Twitter listener for destination twitter_listener_ep.xml {org.apache.synapse.protocol.twitter.TwitterProcessor}
TID: [0] [ESB] [2016-10-14 09:00:58,944]  INFO {org.apache.synapse.protocol.twitter.TwitterPollingConsumer} -  Creating client ............ {org.apache.synapse.protocol.twitter.TwitterPollingConsumer}
TID: [0] [ESB] [2016-10-14 09:00:58,992]  INFO {org.apache.synapse.protocol.twitter.TwitterPollingConsumer} -  Client created successfully ............ {org.apache.synapse.protocol.twitter.TwitterPollingConsumer}
TID: [0] [ESB] [2016-10-14 09:00:58,993]  INFO {org.apache.synapse.protocol.twitter.TwitterProcessor} -  Inbound Twitter listener Started for destination twitter_listener_ep.xml {org.apache.synapse.protocol.twitter.TwitterProcessor}
TID: [0] [ESB] [2016-10-14 09:00:58,993]  INFO {org.apache.synapse.protocol.twitter.TwitterTask} -  Initializing. {org.apache.synapse.protocol.twitter.TwitterTask}
TID: [0] [ESB] [2016-10-14 09:00:58,999]  INFO {org.apache.synapse.ServerManager} -  Server ready for processing... {org.apache.synapse.ServerManager}
TID: [0] [ESB] [2016-10-14 09:00:59,942]  INFO {org.apache.synapse.transport.passthru.PassThroughHttpSSLListener} -  Starting Pass-through HTTPS Listener... {org.apache.synapse.transport.passthru.PassThroughHttpSSLListener}
TID: [0] [ESB] [2016-10-14 09:00:59,947]  INFO {org.apache.synapse.transport.passthru.PassThroughHttpSSLListener} -  Pass-through HTTPS Listener started on 0:0:0:0:0:0:0:0:8245 {org.apache.synapse.transport.passthru.PassThroughHttpSSLListener}
TID: [0] [ESB] [2016-10-14 09:00:59,947]  INFO {org.apache.synapse.transport.passthru.PassThroughHttpListener} -  Starting Pass-through HTTP Listener... {org.apache.synapse.transport.passthru.PassThroughHttpListener}
TID: [0] [ESB] [2016-10-14 09:00:59,949]  INFO {org.apache.synapse.transport.passthru.PassThroughHttpListener} -  Pass-through HTTP Listener started on 0:0:0:0:0:0:0:0:8282 {org.apache.synapse.transport.passthru.PassThroughHttpListener}
TID: [0] [ESB] [2016-10-14 09:00:59,951]  INFO {org.apache.tomcat.util.net.NioSelectorPool} -  Using a shared selector for servlet write/read {org.apache.tomcat.util.net.NioSelectorPool}
TID: [0] [ESB] [2016-10-14 09:00:59,972]  INFO {org.apache.tomcat.util.net.NioSelectorPool} -  Using a shared selector for servlet write/read {org.apache.tomcat.util.net.NioSelectorPool}
TID: [0] [ESB] [2016-10-14 09:01:00,022]  INFO {org.wso2.carbon.ntask.core.service.impl.TaskServiceImpl} -  Task service starting in STANDALONE mode... {org.wso2.carbon.ntask.core.service.impl.TaskServiceImpl}
TID: [0] [ESB] [2016-10-14 09:01:00,054]  INFO {org.wso2.carbon.mediation.ntask.NTaskTaskManager} -  initialized {org.wso2.carbon.mediation.ntask.NTaskTaskManager}
TID: [0] [ESB] [2016-10-14 09:01:00,064]  INFO {org.wso2.carbon.registry.eventing.internal.RegistryEventingServiceComponent} -  Successfully Initialized Eventing on Registry {org.wso2.carbon.registry.eventing.internal.RegistryEventingServiceComponent}
TID: [0] [ESB] [2016-10-14 09:01:00,117]  INFO {org.wso2.carbon.core.init.JMXServerManager} -  JMX Service URL  : service:jmx:rmi://localhost:11113/jndi/rmi://localhost:10001/jmxrmi {org.wso2.carbon.core.init.JMXServerManager}
TID: [0] [ESB] [2016-10-14 09:01:00,128]  INFO {org.wso2.carbon.ntask.core.impl.AbstractQuartzTaskManager} -  Task scheduled: [-1234][CARBON_USER_REMOTE_TASKS][twitter_listener_ep.xml-TWITTER-EP] {org.wso2.carbon.ntask.core.impl.AbstractQuartzTaskManager}
TID: [0] [ESB] [2016-10-14 09:01:00,129]  INFO {org.wso2.carbon.core.internal.StartupFinalizerServiceComponent} -  Server           :  WSO2 Enterprise Service Bus-4.8.1 {org.wso2.carbon.core.internal.StartupFinalizerServiceComponent}
TID: [0] [ESB] [2016-10-14 09:01:00,130]  INFO {org.wso2.carbon.core.internal.StartupFinalizerServiceComponent} -  WSO2 Carbon started in 24 sec {org.wso2.carbon.core.internal.StartupFinalizerServiceComponent}
TID: [0] [ESB] [2016-10-14 09:01:00,585]  INFO {org.wso2.carbon.ui.internal.CarbonUIServiceComponent} -  Mgt Console URL  : https://172.17.0.1:9445/carbon/ {org.wso2.carbon.ui.internal.CarbonUIServiceComponent}
TID: [0] [ESB] [2016-10-14 09:04:10,138]  INFO {org.apache.synapse.mediators.builtin.LogMediator} -  To: , MessageID: urn:uuid:66BE21461D4B20D5111476416050131, Direction: request {org.apache.synapse.mediators.builtin.LogMediator}
TID: [0] [ESB] [2016-10-14 09:04:10,149]  INFO {org.apache.synapse.core.axis2.TimeoutHandler} -  This engine will expire all callbacks after : 120 seconds, irrespective of the timeout action, after the specified or optional timeout {org.apache.synapse.core.axis2.TimeoutHandler}
TID: [0] [ESB] [2016-10-14 09:18:56,126]  INFO {org.apache.synapse.mediators.builtin.LogMediator} -  To: , MessageID: urn:uuid:66BE21461D4B20D5111476416936127, Direction: request {org.apache.synapse.mediators.builtin.LogMediator}
TID: [0] [ESB] [2016-10-14 09:35:32,125]  INFO {org.apache.synapse.mediators.builtin.LogMediator} -  To: , MessageID: urn:uuid:66BE21461D4B20D5111476417932128, Direction: request {org.apache.synapse.mediators.builtin.LogMediator}
TID: [0] [ESB] [2016-10-14 09:39:32,125]  INFO {org.apache.synapse.mediators.builtin.LogMediator} -  To: , MessageID: urn:uuid:66BE21461D4B20D5111476418172128, Direction: request {org.apache.synapse.mediators.builtin.LogMediator}
TID: [0] [ESB] [2016-10-14 09:49:42,125]  INFO {org.apache.synapse.mediators.builtin.LogMediator} -  To: , MessageID: urn:uuid:66BE21461D4B20D5111476418782130, Direction: request {org.apache.synapse.mediators.builtin.LogMediator}
TID: [0] [ESB] [2016-10-14 10:35:57,035]  INFO {org.wso2.carbon.core.init.CarbonServerManager} -  Shutdown hook triggered.... {org.wso2.carbon.core.init.CarbonServerManager}
TID: [0] [ESB] [2016-10-14 10:35:57,039]  INFO {org.wso2.carbon.core.init.CarbonServerManager} -  Gracefully shutting down WSO2 Enterprise Service Bus... {org.wso2.carbon.core.init.CarbonServerManager}
TID: [0] [ESB] [2016-10-14 10:35:57,041]  INFO {org.wso2.carbon.core.ServerManagement} -  Starting to switch to maintenance mode... {org.wso2.carbon.core.ServerManagement}
TID: [0] [ESB] [2016-10-14 10:35:57,042]  INFO {org.apache.synapse.transport.passthru.PassThroughHttpSSLListener} -  Stopping Pass-through HTTPS Listener.. {org.apache.synapse.transport.passthru.PassThroughHttpSSLListener}
TID: [0] [ESB] [2016-10-14 10:35:57,043]  INFO {org.apache.synapse.transport.passthru.PassThroughHttpListener} -  Stopping Pass-through HTTP Listener.. {org.apache.synapse.transport.passthru.PassThroughHttpListener}
TID: [0] [ESB] [2016-10-14 10:35:57,043]  INFO {org.apache.synapse.transport.passthru.PassThroughHttpSSLListener} -  HTTPS Listener shutdown. {org.apache.synapse.transport.passthru.PassThroughHttpSSLListener}
TID: [0] [ESB] [2016-10-14 10:35:57,043]  INFO {org.apache.synapse.transport.passthru.PassThroughHttpListener} -  HTTP Listener shutdown. {org.apache.synapse.transport.passthru.PassThroughHttpListener}
TID: [0] [ESB] [2016-10-14 10:35:57,043]  INFO {org.wso2.carbon.core.ServerManagement} -  Stopped all transport listeners {org.wso2.carbon.core.ServerManagement}
TID: [0] [ESB] [2016-10-14 10:35:57,043]  INFO {org.wso2.carbon.core.ServerManagement} -  Waiting for request service completion... {org.wso2.carbon.core.ServerManagement}
TID: [0] [ESB] [2016-10-14 10:35:57,044]  INFO {org.wso2.carbon.core.ServerManagement} -  All requests have been served. {org.wso2.carbon.core.ServerManagement}
TID: [0] [ESB] [2016-10-14 10:35:57,044]  INFO {org.wso2.carbon.core.ServerManagement} -  Waiting for deployment completion... {org.wso2.carbon.core.ServerManagement}
TID: [0] [ESB] [2016-10-14 10:35:57,046]  INFO {org.wso2.carbon.core.ServerManagement} -  All deployment tasks have been completed. {org.wso2.carbon.core.ServerManagement}
TID: [0] [ESB] [2016-10-14 10:35:57,046]  INFO {org.wso2.carbon.core.ServerManagement} -  Waiting for server task completion... {org.wso2.carbon.core.ServerManagement}
TID: [0] [ESB] [2016-10-14 10:35:57,047]  INFO {org.wso2.carbon.core.ServerManagement} -  All server tasks have been completed. {org.wso2.carbon.core.ServerManagement}
TID: [0] [ESB] [2016-10-14 10:35:57,047]  INFO {org.wso2.carbon.core.init.CarbonServerManager} -  Shutting down WSO2 Enterprise Service Bus... {org.wso2.carbon.core.init.CarbonServerManager}
TID: [0] [ESB] [2016-10-14 10:35:57,047]  INFO {org.wso2.carbon.core.init.CarbonServerManager} -  Shutting down OSGi framework... {org.wso2.carbon.core.init.CarbonServerManager}
TID: [0] [ESB] [2016-10-14 10:35:57,077]  INFO {org.apache.synapse.task.SynapseTaskManager} -  Shutting down the task manager {org.apache.synapse.task.SynapseTaskManager}
TID: [0] [ESB] [2016-10-14 10:35:59,173]  INFO {org.wso2.carbon.core.init.CarbonServerManager} -  Stopping CarbonServerManager... {org.wso2.carbon.core.init.CarbonServerManager}
TID: [0] [ESB] [2016-10-14 10:35:59,179]  INFO {org.apache.synapse.transport.passthru.PassThroughHttpSSLSender} -  HTTPS Sender shutdown {org.apache.synapse.transport.passthru.PassThroughHttpSSLSender}
TID: [0] [ESB] [2016-10-14 10:35:59,181]  INFO {org.apache.synapse.transport.passthru.PassThroughHttpSSLListener} -  Destroying PassThroughHttpListener {org.apache.synapse.transport.passthru.PassThroughHttpSSLListener}
TID: [0] [ESB] [2016-10-14 10:35:59,181]  INFO {org.apache.synapse.transport.passthru.PassThroughHttpSender} -  HTTP Sender shutdown {org.apache.synapse.transport.passthru.PassThroughHttpSender}
TID: [0] [ESB] [2016-10-14 10:35:59,182]  INFO {org.apache.synapse.transport.passthru.PassThroughHttpListener} -  Destroying PassThroughHttpListener {org.apache.synapse.transport.passthru.PassThroughHttpListener}
TID: [0] [ESB] [2016-10-14 10:35:59,457]  INFO {org.wso2.carbon.tomcat.ext.internal.CarbonTomcatServiceComponent} -  Stopping the carbon web-app registered under : / {org.wso2.carbon.tomcat.ext.internal.CarbonTomcatServiceComponent}
TID: [0] [ESB] [2016-10-14 10:35:59,703]  INFO {org.wso2.carbon.core.init.CarbonServerManager} -  Shutdown complete {org.wso2.carbon.core.init.CarbonServerManager}
TID: [0] [ESB] [2016-10-14 10:35:59,703]  INFO {org.wso2.carbon.core.init.CarbonServerManager} -  Halting JVM {org.wso2.carbon.core.init.CarbonServerManager}
TID: [0] [ESB] [2016-10-14 10:45:27,593]  INFO {org.wso2.carbon.core.internal.CarbonCoreActivator} -  Starting WSO2 Carbon... {org.wso2.carbon.core.internal.CarbonCoreActivator}
TID: [0] [ESB] [2016-10-14 10:45:27,596]  INFO {org.wso2.carbon.core.internal.CarbonCoreActivator} -  Operating System : Linux 3.13.0-55-generic, amd64 {org.wso2.carbon.core.internal.CarbonCoreActivator}
TID: [0] [ESB] [2016-10-14 10:45:27,596]  INFO {org.wso2.carbon.core.internal.CarbonCoreActivator} -  Java Home        : /usr/local/java/jdk1.7.0_75/jre {org.wso2.carbon.core.internal.CarbonCoreActivator}
TID: [0] [ESB] [2016-10-14 10:45:27,596]  INFO {org.wso2.carbon.core.internal.CarbonCoreActivator} -  Java Version     : 1.7.0_75 {org.wso2.carbon.core.internal.CarbonCoreActivator}
TID: [0] [ESB] [2016-10-14 10:45:27,596]  INFO {org.wso2.carbon.core.internal.CarbonCoreActivator} -  Java VM          : Java HotSpot(TM) 64-Bit Server VM 24.75-b04,Oracle Corporation {org.wso2.carbon.core.internal.CarbonCoreActivator}
TID: [0] [ESB] [2016-10-14 10:45:27,597]  INFO {org.wso2.carbon.core.internal.CarbonCoreActivator} -  Carbon Home      : /home/thilini/Documents/streamprocesor/traffic/TrafficAnalyzerBundle/wso2esb-4.9.0-SNAPSHOT {org.wso2.carbon.core.internal.CarbonCoreActivator}
TID: [0] [ESB] [2016-10-14 10:45:27,597]  INFO {org.wso2.carbon.core.internal.CarbonCoreActivator} -  Java Temp Dir    : /home/thilini/Documents/streamprocesor/traffic/TrafficAnalyzerBundle/wso2esb-4.9.0-SNAPSHOT/tmp {org.wso2.carbon.core.internal.CarbonCoreActivator}
TID: [0] [ESB] [2016-10-14 10:45:27,597]  INFO {org.wso2.carbon.core.internal.CarbonCoreActivator} -  User             : thilini, en-US, Asia/Colombo {org.wso2.carbon.core.internal.CarbonCoreActivator}
TID: [0] [ESB] [2016-10-14 10:45:27,650]  WARN {org.wso2.carbon.core.bootup.validator.util.ValidationResultPrinter} -  Carbon is configured to use the default keystore (wso2carbon.jks). To maximize security when deploying to a production environment, configure a new keystore with a unique password in the production server profile. {org.wso2.carbon.core.bootup.validator.util.ValidationResultPrinter}
TID: [0] [ESB] [2016-10-14 10:45:27,656]  INFO {org.wso2.carbon.databridge.agent.thrift.AgentHolder} -  Agent created ! {org.wso2.carbon.databridge.agent.thrift.AgentHolder}
TID: [0] [ESB] [2016-10-14 10:45:27,669]  INFO {org.wso2.carbon.databridge.agent.thrift.internal.AgentDS} -  Successfully deployed Agent Client {org.wso2.carbon.databridge.agent.thrift.internal.AgentDS}
TID: [0] [ESB] [2016-10-14 10:45:29,913]  INFO {org.wso2.carbon.registry.core.jdbc.EmbeddedRegistryService} -  Configured Registry in 63ms {org.wso2.carbon.registry.core.jdbc.EmbeddedRegistryService}
TID: [0] [ESB] [2016-10-14 10:45:30,094]  INFO {org.wso2.carbon.registry.core.internal.RegistryCoreServiceComponent} -  Registry Mode    : READ-WRITE {org.wso2.carbon.registry.core.internal.RegistryCoreServiceComponent}
TID: [0] [ESB] [2016-10-14 10:45:30,550]  INFO {org.wso2.carbon.user.core.internal.UserStoreMgtDSComponent} -  Carbon UserStoreMgtDSComponent activated successfully. {org.wso2.carbon.user.core.internal.UserStoreMgtDSComponent}
TID: [0] [ESB] [2016-10-14 10:45:40,255]  INFO {org.apache.catalina.startup.TaglibUriRule} -  TLD skipped. URI: http://tiles.apache.org/tags-tiles is already defined {org.apache.catalina.startup.TaglibUriRule}
TID: [0] [ESB] [2016-10-14 10:45:40,631]  INFO {org.apache.axis2.deployment.ClusterBuilder} -  Clustering has been disabled {org.apache.axis2.deployment.ClusterBuilder}
TID: [0] [ESB] [2016-10-14 10:45:40,810]  INFO {org.wso2.carbon.identity.user.store.configuration.deployer.UserStoreConfigurationDeployer} -  User Store Configuration Deployer initiated. {org.wso2.carbon.identity.user.store.configuration.deployer.UserStoreConfigurationDeployer}
TID: [0] [ESB] [2016-10-14 10:45:40,833]  INFO {org.apache.synapse.transport.passthru.PassThroughHttpSSLSender} -  Initializing Pass-through HTTP/S Sender... {org.apache.synapse.transport.passthru.PassThroughHttpSSLSender}
TID: [0] [ESB] [2016-10-14 10:45:40,844]  INFO {org.apache.synapse.transport.nhttp.config.ClientConnFactoryBuilder} -  HTTPS Loading Identity Keystore from : repository/resources/security/wso2carbon.jks {org.apache.synapse.transport.nhttp.config.ClientConnFactoryBuilder}
TID: [0] [ESB] [2016-10-14 10:45:40,848]  INFO {org.apache.synapse.transport.nhttp.config.ClientConnFactoryBuilder} -  HTTPS Loading Trust Keystore from : repository/resources/security/client-truststore.jks {org.apache.synapse.transport.nhttp.config.ClientConnFactoryBuilder}
TID: [0] [ESB] [2016-10-14 10:45:40,875]  INFO {org.apache.synapse.transport.passthru.PassThroughHttpSSLSender} -  Pass-through HTTPS Sender started... {org.apache.synapse.transport.passthru.PassThroughHttpSSLSender}
TID: [0] [ESB] [2016-10-14 10:45:40,875]  INFO {org.apache.synapse.transport.passthru.PassThroughHttpSender} -  Initializing Pass-through HTTP/S Sender... {org.apache.synapse.transport.passthru.PassThroughHttpSender}
TID: [0] [ESB] [2016-10-14 10:45:40,876]  INFO {org.apache.synapse.transport.passthru.PassThroughHttpSender} -  Pass-through HTTP Sender started... {org.apache.synapse.transport.passthru.PassThroughHttpSender}
TID: [0] [ESB] [2016-10-14 10:45:40,927]  INFO {org.wso2.carbon.core.deployment.DeploymentInterceptor} -  Deploying Axis2 service: echo {super-tenant} {org.wso2.carbon.core.deployment.DeploymentInterceptor}
TID: [0] [ESB] [2016-10-14 10:45:41,013]  INFO {org.apache.axis2.deployment.DeploymentEngine} -  Deploying Web service: Echo.aar - file:/home/thilini/Documents/streamprocesor/traffic/TrafficAnalyzerBundle/wso2esb-4.9.0-SNAPSHOT/repository/deployment/server/axis2services/Echo.aar {org.apache.axis2.deployment.DeploymentEngine}
TID: [0] [ESB] [2016-10-14 10:45:41,067]  INFO {org.wso2.carbon.core.deployment.DeploymentInterceptor} -  Deploying Axis2 service: echo {super-tenant} {org.wso2.carbon.core.deployment.DeploymentInterceptor}
TID: [0] [ESB] [2016-10-14 10:45:41,163]  INFO {org.wso2.carbon.core.deployment.DeploymentInterceptor} -  Deploying Axis2 service: Version {super-tenant} {org.wso2.carbon.core.deployment.DeploymentInterceptor}
TID: [0] [ESB] [2016-10-14 10:45:41,172]  INFO {org.apache.axis2.deployment.DeploymentEngine} -  Deploying Web service: Version.aar - file:/home/thilini/Documents/streamprocesor/traffic/TrafficAnalyzerBundle/wso2esb-4.9.0-SNAPSHOT/repository/deployment/server/axis2services/Version.aar {org.apache.axis2.deployment.DeploymentEngine}
TID: [0] [ESB] [2016-10-14 10:45:41,185]  INFO {org.wso2.carbon.core.deployment.DeploymentInterceptor} -  Deploying Axis2 service: Version {super-tenant} {org.wso2.carbon.core.deployment.DeploymentInterceptor}
TID: [0] [ESB] [2016-10-14 10:45:41,220]  INFO {org.apache.synapse.transport.passthru.PassThroughHttpSSLListener} -  Initializing Pass-through HTTP/S Listener... {org.apache.synapse.transport.passthru.PassThroughHttpSSLListener}
TID: [0] [ESB] [2016-10-14 10:45:41,233]  INFO {org.apache.synapse.transport.passthru.PassThroughHttpListener} -  Initializing Pass-through HTTP/S Listener... {org.apache.synapse.transport.passthru.PassThroughHttpListener}
TID: [0] [ESB] [2016-10-14 10:45:41,293]  INFO {org.apache.axis2.deployment.ModuleDeployer} -  Deploying module: addressing-1.6.1-wso2v11-20140629.223455-339 - file:/home/thilini/Documents/streamprocesor/traffic/TrafficAnalyzerBundle/wso2esb-4.9.0-SNAPSHOT/repository/deployment/client/modules/addressing-1.6.1-wso2v11-20140629.223455-339.mar {org.apache.axis2.deployment.ModuleDeployer}
TID: [0] [ESB] [2016-10-14 10:45:41,296]  INFO {org.apache.axis2.deployment.ModuleDeployer} -  Deploying module: rampart-1.6.1-wso2v8 - file:/home/thilini/Documents/streamprocesor/traffic/TrafficAnalyzerBundle/wso2esb-4.9.0-SNAPSHOT/repository/deployment/client/modules/rampart-1.6.1-wso2v8.mar {org.apache.axis2.deployment.ModuleDeployer}
TID: [0] [ESB] [2016-10-14 10:45:41,301]  INFO {org.apache.axis2.transport.tcp.TCPTransportSender} -  TCP Sender started {org.apache.axis2.transport.tcp.TCPTransportSender}
TID: [0] [ESB] [2016-10-14 10:45:41,660]  WARN {org.apache.axis2.description.java2wsdl.DefaultSchemaGenerator} -  We don't support method overloading. Ignoring [validateAudienceRestriction] {org.apache.axis2.description.java2wsdl.DefaultSchemaGenerator}
TID: [0] [ESB] [2016-10-14 10:45:41,841]  INFO {org.apache.axis2.deployment.DeploymentEngine} -  Deploying Web service: org.wso2.carbon.message.processor -  {org.apache.axis2.deployment.DeploymentEngine}
TID: [0] [ESB] [2016-10-14 10:45:41,847]  INFO {org.apache.axis2.deployment.DeploymentEngine} -  Deploying Web service: org.wso2.carbon.message.store -  {org.apache.axis2.deployment.DeploymentEngine}
TID: [0] [ESB] [2016-10-14 10:45:42,316]  INFO {org.wso2.carbon.core.deployment.DeploymentInterceptor} -  Deploying Axis2 service: wso2carbon-sts {super-tenant} {org.wso2.carbon.core.deployment.DeploymentInterceptor}
TID: [0] [ESB] [2016-10-14 10:45:42,337]  INFO {org.apache.axis2.deployment.DeploymentEngine} -  Deploying Web service: org.wso2.carbon.sts -  {org.apache.axis2.deployment.DeploymentEngine}
TID: [0] [ESB] [2016-10-14 10:45:42,433]  INFO {org.apache.axis2.deployment.DeploymentEngine} -  Deploying Web service: org.wso2.carbon.tryit -  {org.apache.axis2.deployment.DeploymentEngine}
TID: [0] [ESB] [2016-10-14 10:45:42,566]  INFO {org.wso2.carbon.core.init.CarbonServerManager} -  Repository       : /home/thilini/Documents/streamprocesor/traffic/TrafficAnalyzerBundle/wso2esb-4.9.0-SNAPSHOT/repository/deployment/server/ {org.wso2.carbon.core.init.CarbonServerManager}
TID: [0] [ESB] [2016-10-14 10:45:42,607]  INFO {org.wso2.carbon.core.internal.permission.update.PermissionUpdater} -  Permission cache updated for tenant -1234 {org.wso2.carbon.core.internal.permission.update.PermissionUpdater}
TID: [0] [ESB] [2016-10-14 10:45:42,655]  INFO {org.wso2.carbon.mediation.initializer.ServiceBusInitializer} -  Starting ESB... {org.wso2.carbon.mediation.initializer.ServiceBusInitializer}
TID: [0] [ESB] [2016-10-14 10:45:42,665]  INFO {org.wso2.carbon.mediation.initializer.ServiceBusInitializer} -  Initializing Apache Synapse... {org.wso2.carbon.mediation.initializer.ServiceBusInitializer}
TID: [0] [ESB] [2016-10-14 10:45:42,669]  INFO {org.apache.synapse.SynapseControllerFactory} -  Using Synapse home : /home/thilini/Documents/streamprocesor/traffic/TrafficAnalyzerBundle/wso2esb-4.9.0-SNAPSHOT/. {org.apache.synapse.SynapseControllerFactory}
TID: [0] [ESB] [2016-10-14 10:45:42,669]  INFO {org.apache.synapse.SynapseControllerFactory} -  Using synapse.xml location : /home/thilini/Documents/streamprocesor/traffic/TrafficAnalyzerBundle/wso2esb-4.9.0-SNAPSHOT/././repository/deployment/server/synapse-configs/default {org.apache.synapse.SynapseControllerFactory}
TID: [0] [ESB] [2016-10-14 10:45:42,669]  INFO {org.apache.synapse.SynapseControllerFactory} -  Using server name : localhost {org.apache.synapse.SynapseControllerFactory}
TID: [0] [ESB] [2016-10-14 10:45:42,674]  INFO {org.apache.synapse.SynapseControllerFactory} -  The timeout handler will run every : 15s {org.apache.synapse.SynapseControllerFactory}
TID: [0] [ESB] [2016-10-14 10:45:42,679]  INFO {org.apache.synapse.Axis2SynapseController} -  Initializing Synapse at : Fri Oct 14 10:45:42 IST 2016 {org.apache.synapse.Axis2SynapseController}
TID: [0] [ESB] [2016-10-14 10:45:42,681]  INFO {org.wso2.carbon.mediation.initializer.CarbonSynapseController} -  Loading the mediation configuration from the file system {org.wso2.carbon.mediation.initializer.CarbonSynapseController}
TID: [0] [ESB] [2016-10-14 10:45:42,683]  INFO {org.apache.synapse.config.xml.MultiXMLConfigurationBuilder} -  Building synapse configuration from the synapse artifact repository at : ././repository/deployment/server/synapse-configs/default {org.apache.synapse.config.xml.MultiXMLConfigurationBuilder}
TID: [0] [ESB] [2016-10-14 10:45:42,683]  INFO {org.apache.synapse.config.xml.XMLConfigurationBuilder} -  Generating the Synapse configuration model by parsing the XML configuration {org.apache.synapse.config.xml.XMLConfigurationBuilder}
TID: [0] [ESB] [2016-10-14 10:45:42,777]  INFO {org.apache.synapse.config.SynapseConfigurationBuilder} -  Loaded Synapse configuration from the artifact repository at : ././repository/deployment/server/synapse-configs/default {org.apache.synapse.config.SynapseConfigurationBuilder}
TID: [0] [ESB] [2016-10-14 10:45:42,779]  INFO {org.apache.synapse.Axis2SynapseController} -  Loading mediator extensions... {org.apache.synapse.Axis2SynapseController}
TID: [0] [ESB] [2016-10-14 10:45:42,780]  INFO {org.apache.synapse.Axis2SynapseController} -  Deploying the Synapse service... {org.apache.synapse.Axis2SynapseController}
TID: [0] [ESB] [2016-10-14 10:45:42,781]  INFO {org.apache.synapse.Axis2SynapseController} -  Deploying Proxy services... {org.apache.synapse.Axis2SynapseController}
TID: [0] [ESB] [2016-10-14 10:45:42,781]  INFO {org.apache.synapse.Axis2SynapseController} -  Deploying EventSources... {org.apache.synapse.Axis2SynapseController}
TID: [0] [ESB] [2016-10-14 10:45:42,786]  INFO {org.apache.synapse.inbound.InboundEndpoint} -  Initializing Inbound Endpoint: twitter_listener_ep {org.apache.synapse.inbound.InboundEndpoint}
TID: [0] [ESB] [2016-10-14 10:45:42,788]  INFO {org.apache.synapse.protocol.twitter.TwitterProcessor} -  Initializing inbound Twitter listener for destination twitter_listener_ep.xml {org.apache.synapse.protocol.twitter.TwitterProcessor}
TID: [0] [ESB] [2016-10-14 10:45:42,789]  INFO {org.apache.synapse.protocol.twitter.TwitterPollingConsumer} -  Creating client ............ {org.apache.synapse.protocol.twitter.TwitterPollingConsumer}
TID: [0] [ESB] [2016-10-14 10:45:42,828]  INFO {org.apache.synapse.protocol.twitter.TwitterPollingConsumer} -  Client created successfully ............ {org.apache.synapse.protocol.twitter.TwitterPollingConsumer}
TID: [0] [ESB] [2016-10-14 10:45:42,829]  INFO {org.apache.synapse.protocol.twitter.TwitterProcessor} -  Inbound Twitter listener Started for destination twitter_listener_ep.xml {org.apache.synapse.protocol.twitter.TwitterProcessor}
TID: [0] [ESB] [2016-10-14 10:45:42,829]  INFO {org.apache.synapse.protocol.twitter.TwitterTask} -  Initializing. {org.apache.synapse.protocol.twitter.TwitterTask}
TID: [0] [ESB] [2016-10-14 10:45:42,833]  INFO {org.apache.synapse.ServerManager} -  Server ready for processing... {org.apache.synapse.ServerManager}
TID: [0] [ESB] [2016-10-14 10:45:43,596]  INFO {org.apache.synapse.transport.passthru.PassThroughHttpSSLListener} -  Starting Pass-through HTTPS Listener... {org.apache.synapse.transport.passthru.PassThroughHttpSSLListener}
TID: [0] [ESB] [2016-10-14 10:45:43,610]  INFO {org.apache.synapse.transport.passthru.PassThroughHttpSSLListener} -  Pass-through HTTPS Listener started on 0:0:0:0:0:0:0:0:8245 {org.apache.synapse.transport.passthru.PassThroughHttpSSLListener}
TID: [0] [ESB] [2016-10-14 10:45:43,610]  INFO {org.apache.synapse.transport.passthru.PassThroughHttpListener} -  Starting Pass-through HTTP Listener... {org.apache.synapse.transport.passthru.PassThroughHttpListener}
TID: [0] [ESB] [2016-10-14 10:45:43,612]  INFO {org.apache.synapse.transport.passthru.PassThroughHttpListener} -  Pass-through HTTP Listener started on 0:0:0:0:0:0:0:0:8282 {org.apache.synapse.transport.passthru.PassThroughHttpListener}
TID: [0] [ESB] [2016-10-14 10:45:43,615]  INFO {org.apache.tomcat.util.net.NioSelectorPool} -  Using a shared selector for servlet write/read {org.apache.tomcat.util.net.NioSelectorPool}
TID: [0] [ESB] [2016-10-14 10:45:43,637]  INFO {org.apache.tomcat.util.net.NioSelectorPool} -  Using a shared selector for servlet write/read {org.apache.tomcat.util.net.NioSelectorPool}
TID: [0] [ESB] [2016-10-14 10:45:43,692]  INFO {org.wso2.carbon.ntask.core.service.impl.TaskServiceImpl} -  Task service starting in STANDALONE mode... {org.wso2.carbon.ntask.core.service.impl.TaskServiceImpl}
TID: [0] [ESB] [2016-10-14 10:45:43,738]  INFO {org.wso2.carbon.mediation.ntask.NTaskTaskManager} -  initialized {org.wso2.carbon.mediation.ntask.NTaskTaskManager}
TID: [0] [ESB] [2016-10-14 10:45:43,747]  INFO {org.wso2.carbon.registry.eventing.internal.RegistryEventingServiceComponent} -  Successfully Initialized Eventing on Registry {org.wso2.carbon.registry.eventing.internal.RegistryEventingServiceComponent}
TID: [0] [ESB] [2016-10-14 10:45:43,800]  INFO {org.wso2.carbon.core.init.JMXServerManager} -  JMX Service URL  : service:jmx:rmi://localhost:11113/jndi/rmi://localhost:10001/jmxrmi {org.wso2.carbon.core.init.JMXServerManager}
TID: [0] [ESB] [2016-10-14 10:45:43,810]  INFO {org.wso2.carbon.ntask.core.impl.AbstractQuartzTaskManager} -  Task scheduled: [-1234][CARBON_USER_REMOTE_TASKS][twitter_listener_ep.xml-TWITTER-EP] {org.wso2.carbon.ntask.core.impl.AbstractQuartzTaskManager}
TID: [0] [ESB] [2016-10-14 10:45:43,810]  INFO {org.wso2.carbon.core.internal.StartupFinalizerServiceComponent} -  Server           :  WSO2 Enterprise Service Bus-4.8.1 {org.wso2.carbon.core.internal.StartupFinalizerServiceComponent}
TID: [0] [ESB] [2016-10-14 10:45:43,811]  INFO {org.wso2.carbon.core.internal.StartupFinalizerServiceComponent} -  WSO2 Carbon started in 19 sec {org.wso2.carbon.core.internal.StartupFinalizerServiceComponent}
TID: [0] [ESB] [2016-10-14 10:45:44,014]  INFO {org.wso2.carbon.ui.internal.CarbonUIServiceComponent} -  Mgt Console URL  : https://172.17.0.1:9445/carbon/ {org.wso2.carbon.ui.internal.CarbonUIServiceComponent}
TID: [0] [ESB] [2016-10-14 10:46:21,826]  INFO {org.apache.synapse.mediators.builtin.LogMediator} -  To: , MessageID: urn:uuid:5941C7D589D477D6331476422181820, Direction: request {org.apache.synapse.mediators.builtin.LogMediator}
TID: [0] [ESB] [2016-10-14 10:46:21,832]  INFO {org.apache.synapse.core.axis2.TimeoutHandler} -  This engine will expire all callbacks after : 120 seconds, irrespective of the timeout action, after the specified or optional timeout {org.apache.synapse.core.axis2.TimeoutHandler}
TID: [0] [ESB] [2016-10-14 11:04:52,810]  INFO {org.apache.synapse.mediators.builtin.LogMediator} -  To: , MessageID: urn:uuid:5941C7D589D477D6331476423292811, Direction: request {org.apache.synapse.mediators.builtin.LogMediator}
TID: [0] [ESB] [2016-10-14 12:12:20,810]  INFO {org.apache.synapse.mediators.builtin.LogMediator} -  To: , MessageID: urn:uuid:5941C7D589D477D6331476427340812, Direction: request {org.apache.synapse.mediators.builtin.LogMediator}
TID: [0] [ESB] [2016-10-14 12:13:14,809]  INFO {org.apache.synapse.mediators.builtin.LogMediator} -  To: , MessageID: urn:uuid:5941C7D589D477D6331476427394813, Direction: request {org.apache.synapse.mediators.builtin.LogMediator}
TID: [0] [ESB] [2016-10-14 16:51:20,314]  INFO {org.wso2.carbon.core.init.CarbonServerManager} -  Shutdown hook triggered.... {org.wso2.carbon.core.init.CarbonServerManager}
TID: [0] [ESB] [2016-10-14 16:51:20,314]  INFO {org.wso2.carbon.core.init.CarbonServerManager} -  Gracefully shutting down WSO2 Enterprise Service Bus... {org.wso2.carbon.core.init.CarbonServerManager}
TID: [0] [ESB] [2016-10-14 16:51:20,324]  INFO {org.wso2.carbon.core.ServerManagement} -  Starting to switch to maintenance mode... {org.wso2.carbon.core.ServerManagement}
TID: [0] [ESB] [2016-10-14 16:51:20,324]  INFO {org.apache.synapse.transport.passthru.PassThroughHttpSSLListener} -  Stopping Pass-through HTTPS Listener.. {org.apache.synapse.transport.passthru.PassThroughHttpSSLListener}
TID: [0] [ESB] [2016-10-14 16:51:20,325]  INFO {org.apache.synapse.transport.passthru.PassThroughHttpListener} -  Stopping Pass-through HTTP Listener.. {org.apache.synapse.transport.passthru.PassThroughHttpListener}
TID: [0] [ESB] [2016-10-14 16:51:20,325]  INFO {org.apache.synapse.transport.passthru.PassThroughHttpSSLListener} -  HTTPS Listener shutdown. {org.apache.synapse.transport.passthru.PassThroughHttpSSLListener}
TID: [0] [ESB] [2016-10-14 16:51:20,326]  INFO {org.apache.synapse.transport.passthru.PassThroughHttpListener} -  HTTP Listener shutdown. {org.apache.synapse.transport.passthru.PassThroughHttpListener}
TID: [0] [ESB] [2016-10-14 16:51:20,326]  INFO {org.wso2.carbon.core.ServerManagement} -  Stopped all transport listeners {org.wso2.carbon.core.ServerManagement}
TID: [0] [ESB] [2016-10-14 16:51:20,326]  INFO {org.wso2.carbon.core.ServerManagement} -  Waiting for request service completion... {org.wso2.carbon.core.ServerManagement}
TID: [0] [ESB] [2016-10-14 16:51:20,328]  INFO {org.wso2.carbon.core.ServerManagement} -  All requests have been served. {org.wso2.carbon.core.ServerManagement}
TID: [0] [ESB] [2016-10-14 16:51:20,328]  INFO {org.wso2.carbon.core.ServerManagement} -  Waiting for deployment completion... {org.wso2.carbon.core.ServerManagement}
TID: [0] [ESB] [2016-10-14 16:51:20,348]  INFO {org.wso2.carbon.core.ServerManagement} -  All deployment tasks have been completed. {org.wso2.carbon.core.ServerManagement}
TID: [0] [ESB] [2016-10-14 16:51:20,353]  INFO {org.wso2.carbon.core.ServerManagement} -  Waiting for server task completion... {org.wso2.carbon.core.ServerManagement}
TID: [0] [ESB] [2016-10-14 16:51:20,353]  INFO {org.wso2.carbon.core.ServerManagement} -  All server tasks have been completed. {org.wso2.carbon.core.ServerManagement}
TID: [0] [ESB] [2016-10-14 16:51:20,353]  INFO {org.wso2.carbon.core.init.CarbonServerManager} -  Shutting down WSO2 Enterprise Service Bus... {org.wso2.carbon.core.init.CarbonServerManager}
TID: [0] [ESB] [2016-10-14 16:51:20,353]  INFO {org.wso2.carbon.core.init.CarbonServerManager} -  Shutting down OSGi framework... {org.wso2.carbon.core.init.CarbonServerManager}
TID: [0] [ESB] [2016-10-14 16:51:20,422]  INFO {org.apache.synapse.task.SynapseTaskManager} -  Shutting down the task manager {org.apache.synapse.task.SynapseTaskManager}
TID: [0] [ESB] [2016-10-14 16:51:22,483]  INFO {org.wso2.carbon.core.init.CarbonServerManager} -  Stopping CarbonServerManager... {org.wso2.carbon.core.init.CarbonServerManager}
TID: [0] [ESB] [2016-10-14 16:51:22,519]  INFO {org.apache.synapse.transport.passthru.PassThroughHttpSSLSender} -  HTTPS Sender shutdown {org.apache.synapse.transport.passthru.PassThroughHttpSSLSender}
TID: [0] [ESB] [2016-10-14 16:51:22,519]  INFO {org.apache.synapse.transport.passthru.PassThroughHttpSSLListener} -  Destroying PassThroughHttpListener {org.apache.synapse.transport.passthru.PassThroughHttpSSLListener}
TID: [0] [ESB] [2016-10-14 16:51:22,519]  INFO {org.apache.synapse.transport.passthru.PassThroughHttpSender} -  HTTP Sender shutdown {org.apache.synapse.transport.passthru.PassThroughHttpSender}
TID: [0] [ESB] [2016-10-14 16:51:22,520]  INFO {org.apache.synapse.transport.passthru.PassThroughHttpListener} -  Destroying PassThroughHttpListener {org.apache.synapse.transport.passthru.PassThroughHttpListener}
TID: [0] [ESB] [2016-10-14 16:51:22,803]  INFO {org.wso2.carbon.tomcat.ext.internal.CarbonTomcatServiceComponent} -  Stopping the carbon web-app registered under : / {org.wso2.carbon.tomcat.ext.internal.CarbonTomcatServiceComponent}
TID: [0] [ESB] [2016-10-14 16:51:23,246]  INFO {org.wso2.carbon.core.init.CarbonServerManager} -  Shutdown complete {org.wso2.carbon.core.init.CarbonServerManager}
TID: [0] [ESB] [2016-10-14 16:51:23,246]  INFO {org.wso2.carbon.core.init.CarbonServerManager} -  Halting JVM {org.wso2.carbon.core.init.CarbonServerManager}
TID: [0] [ESB] [2016-10-14 16:54:27,156]  INFO {org.wso2.carbon.core.internal.CarbonCoreActivator} -  Starting WSO2 Carbon... {org.wso2.carbon.core.internal.CarbonCoreActivator}
TID: [0] [ESB] [2016-10-14 16:54:27,161]  INFO {org.wso2.carbon.core.internal.CarbonCoreActivator} -  Operating System : Linux 3.13.0-55-generic, amd64 {org.wso2.carbon.core.internal.CarbonCoreActivator}
TID: [0] [ESB] [2016-10-14 16:54:27,161]  INFO {org.wso2.carbon.core.internal.CarbonCoreActivator} -  Java Home        : /usr/local/java/jdk1.7.0_75/jre {org.wso2.carbon.core.internal.CarbonCoreActivator}
TID: [0] [ESB] [2016-10-14 16:54:27,161]  INFO {org.wso2.carbon.core.internal.CarbonCoreActivator} -  Java Version     : 1.7.0_75 {org.wso2.carbon.core.internal.CarbonCoreActivator}
TID: [0] [ESB] [2016-10-14 16:54:27,161]  INFO {org.wso2.carbon.core.internal.CarbonCoreActivator} -  Java VM          : Java HotSpot(TM) 64-Bit Server VM 24.75-b04,Oracle Corporation {org.wso2.carbon.core.internal.CarbonCoreActivator}
TID: [0] [ESB] [2016-10-14 16:54:27,162]  INFO {org.wso2.carbon.core.internal.CarbonCoreActivator} -  Carbon Home      : /home/thilini/Documents/streamprocesor/traffic/TrafficAnalyzerBundle/wso2esb-4.9.0-SNAPSHOT {org.wso2.carbon.core.internal.CarbonCoreActivator}
TID: [0] [ESB] [2016-10-14 16:54:27,162]  INFO {org.wso2.carbon.core.internal.CarbonCoreActivator} -  Java Temp Dir    : /home/thilini/Documents/streamprocesor/traffic/TrafficAnalyzerBundle/wso2esb-4.9.0-SNAPSHOT/tmp {org.wso2.carbon.core.internal.CarbonCoreActivator}
TID: [0] [ESB] [2016-10-14 16:54:27,162]  INFO {org.wso2.carbon.core.internal.CarbonCoreActivator} -  User             : thilini, en-US, Asia/Colombo {org.wso2.carbon.core.internal.CarbonCoreActivator}
TID: [0] [ESB] [2016-10-14 16:54:27,246]  WARN {org.wso2.carbon.core.bootup.validator.util.ValidationResultPrinter} -  Carbon is configured to use the default keystore (wso2carbon.jks). To maximize security when deploying to a production environment, configure a new keystore with a unique password in the production server profile. {org.wso2.carbon.core.bootup.validator.util.ValidationResultPrinter}
TID: [0] [ESB] [2016-10-14 16:54:27,265]  INFO {org.wso2.carbon.databridge.agent.thrift.AgentHolder} -  Agent created ! {org.wso2.carbon.databridge.agent.thrift.AgentHolder}
TID: [0] [ESB] [2016-10-14 16:54:27,292]  INFO {org.wso2.carbon.databridge.agent.thrift.internal.AgentDS} -  Successfully deployed Agent Client {org.wso2.carbon.databridge.agent.thrift.internal.AgentDS}
TID: [0] [ESB] [2016-10-14 16:54:29,036]  INFO {org.wso2.carbon.registry.core.jdbc.EmbeddedRegistryService} -  Configured Registry in 60ms {org.wso2.carbon.registry.core.jdbc.EmbeddedRegistryService}
TID: [0] [ESB] [2016-10-14 16:54:29,122]  INFO {org.wso2.carbon.registry.core.internal.RegistryCoreServiceComponent} -  Registry Mode    : READ-WRITE {org.wso2.carbon.registry.core.internal.RegistryCoreServiceComponent}
TID: [0] [ESB] [2016-10-14 16:54:29,431]  INFO {org.wso2.carbon.user.core.internal.UserStoreMgtDSComponent} -  Carbon UserStoreMgtDSComponent activated successfully. {org.wso2.carbon.user.core.internal.UserStoreMgtDSComponent}
TID: [0] [ESB] [2016-10-14 16:54:42,717]  INFO {org.apache.catalina.startup.TaglibUriRule} -  TLD skipped. URI: http://tiles.apache.org/tags-tiles is already defined {org.apache.catalina.startup.TaglibUriRule}
TID: [0] [ESB] [2016-10-14 16:54:43,574]  INFO {org.apache.axis2.deployment.ClusterBuilder} -  Clustering has been disabled {org.apache.axis2.deployment.ClusterBuilder}
TID: [0] [ESB] [2016-10-14 16:54:43,905]  INFO {org.wso2.carbon.identity.user.store.configuration.deployer.UserStoreConfigurationDeployer} -  User Store Configuration Deployer initiated. {org.wso2.carbon.identity.user.store.configuration.deployer.UserStoreConfigurationDeployer}
TID: [0] [ESB] [2016-10-14 16:54:43,952]  INFO {org.apache.synapse.transport.passthru.PassThroughHttpSSLSender} -  Initializing Pass-through HTTP/S Sender... {org.apache.synapse.transport.passthru.PassThroughHttpSSLSender}
TID: [0] [ESB] [2016-10-14 16:54:43,973]  INFO {org.apache.synapse.transport.nhttp.config.ClientConnFactoryBuilder} -  HTTPS Loading Identity Keystore from : repository/resources/security/wso2carbon.jks {org.apache.synapse.transport.nhttp.config.ClientConnFactoryBuilder}
TID: [0] [ESB] [2016-10-14 16:54:43,979]  INFO {org.apache.synapse.transport.nhttp.config.ClientConnFactoryBuilder} -  HTTPS Loading Trust Keystore from : repository/resources/security/client-truststore.jks {org.apache.synapse.transport.nhttp.config.ClientConnFactoryBuilder}
TID: [0] [ESB] [2016-10-14 16:54:44,017]  INFO {org.apache.synapse.transport.passthru.PassThroughHttpSSLSender} -  Pass-through HTTPS Sender started... {org.apache.synapse.transport.passthru.PassThroughHttpSSLSender}
TID: [0] [ESB] [2016-10-14 16:54:44,017]  INFO {org.apache.synapse.transport.passthru.PassThroughHttpSender} -  Initializing Pass-through HTTP/S Sender... {org.apache.synapse.transport.passthru.PassThroughHttpSender}
TID: [0] [ESB] [2016-10-14 16:54:44,018]  INFO {org.apache.synapse.transport.passthru.PassThroughHttpSender} -  Pass-through HTTP Sender started... {org.apache.synapse.transport.passthru.PassThroughHttpSender}
TID: [0] [ESB] [2016-10-14 16:54:44,095]  INFO {org.wso2.carbon.core.deployment.DeploymentInterceptor} -  Deploying Axis2 service: echo {super-tenant} {org.wso2.carbon.core.deployment.DeploymentInterceptor}
TID: [0] [ESB] [2016-10-14 16:54:44,280]  INFO {org.apache.axis2.deployment.DeploymentEngine} -  Deploying Web service: Echo.aar - file:/home/thilini/Documents/streamprocesor/traffic/TrafficAnalyzerBundle/wso2esb-4.9.0-SNAPSHOT/repository/deployment/server/axis2services/Echo.aar {org.apache.axis2.deployment.DeploymentEngine}
TID: [0] [ESB] [2016-10-14 16:54:44,408]  INFO {org.wso2.carbon.core.deployment.DeploymentInterceptor} -  Deploying Axis2 service: echo {super-tenant} {org.wso2.carbon.core.deployment.DeploymentInterceptor}
TID: [0] [ESB] [2016-10-14 16:54:44,646]  INFO {org.wso2.carbon.core.deployment.DeploymentInterceptor} -  Deploying Axis2 service: Version {super-tenant} {org.wso2.carbon.core.deployment.DeploymentInterceptor}
TID: [0] [ESB] [2016-10-14 16:54:44,663]  INFO {org.apache.axis2.deployment.DeploymentEngine} -  Deploying Web service: Version.aar - file:/home/thilini/Documents/streamprocesor/traffic/TrafficAnalyzerBundle/wso2esb-4.9.0-SNAPSHOT/repository/deployment/server/axis2services/Version.aar {org.apache.axis2.deployment.DeploymentEngine}
TID: [0] [ESB] [2016-10-14 16:54:44,687]  INFO {org.wso2.carbon.core.deployment.DeploymentInterceptor} -  Deploying Axis2 service: Version {super-tenant} {org.wso2.carbon.core.deployment.DeploymentInterceptor}
TID: [0] [ESB] [2016-10-14 16:54:44,773]  INFO {org.apache.synapse.transport.passthru.PassThroughHttpSSLListener} -  Initializing Pass-through HTTP/S Listener... {org.apache.synapse.transport.passthru.PassThroughHttpSSLListener}
TID: [0] [ESB] [2016-10-14 16:54:44,814]  INFO {org.apache.synapse.transport.passthru.PassThroughHttpListener} -  Initializing Pass-through HTTP/S Listener... {org.apache.synapse.transport.passthru.PassThroughHttpListener}
TID: [0] [ESB] [2016-10-14 16:54:45,067]  INFO {org.apache.axis2.deployment.ModuleDeployer} -  Deploying module: addressing-1.6.1-wso2v11-20140629.223455-339 - file:/home/thilini/Documents/streamprocesor/traffic/TrafficAnalyzerBundle/wso2esb-4.9.0-SNAPSHOT/repository/deployment/client/modules/addressing-1.6.1-wso2v11-20140629.223455-339.mar {org.apache.axis2.deployment.ModuleDeployer}
TID: [0] [ESB] [2016-10-14 16:54:45,073]  INFO {org.apache.axis2.deployment.ModuleDeployer} -  Deploying module: rampart-1.6.1-wso2v8 - file:/home/thilini/Documents/streamprocesor/traffic/TrafficAnalyzerBundle/wso2esb-4.9.0-SNAPSHOT/repository/deployment/client/modules/rampart-1.6.1-wso2v8.mar {org.apache.axis2.deployment.ModuleDeployer}
TID: [0] [ESB] [2016-10-14 16:54:45,089]  INFO {org.apache.axis2.transport.tcp.TCPTransportSender} -  TCP Sender started {org.apache.axis2.transport.tcp.TCPTransportSender}
TID: [0] [ESB] [2016-10-14 16:54:45,874]  WARN {org.apache.axis2.description.java2wsdl.DefaultSchemaGenerator} -  We don't support method overloading. Ignoring [validateAudienceRestriction] {org.apache.axis2.description.java2wsdl.DefaultSchemaGenerator}
TID: [0] [ESB] [2016-10-14 16:54:46,331]  INFO {org.apache.axis2.deployment.DeploymentEngine} -  Deploying Web service: org.wso2.carbon.message.processor -  {org.apache.axis2.deployment.DeploymentEngine}
TID: [0] [ESB] [2016-10-14 16:54:46,363]  INFO {org.apache.axis2.deployment.DeploymentEngine} -  Deploying Web service: org.wso2.carbon.message.store -  {org.apache.axis2.deployment.DeploymentEngine}
TID: [0] [ESB] [2016-10-14 16:54:47,467]  INFO {org.wso2.carbon.core.deployment.DeploymentInterceptor} -  Deploying Axis2 service: wso2carbon-sts {super-tenant} {org.wso2.carbon.core.deployment.DeploymentInterceptor}
TID: [0] [ESB] [2016-10-14 16:54:47,495]  INFO {org.apache.axis2.deployment.DeploymentEngine} -  Deploying Web service: org.wso2.carbon.sts -  {org.apache.axis2.deployment.DeploymentEngine}
TID: [0] [ESB] [2016-10-14 16:54:47,627]  INFO {org.apache.axis2.deployment.DeploymentEngine} -  Deploying Web service: org.wso2.carbon.tryit -  {org.apache.axis2.deployment.DeploymentEngine}
TID: [0] [ESB] [2016-10-14 16:54:47,829]  INFO {org.wso2.carbon.core.init.CarbonServerManager} -  Repository       : /home/thilini/Documents/streamprocesor/traffic/TrafficAnalyzerBundle/wso2esb-4.9.0-SNAPSHOT/repository/deployment/server/ {org.wso2.carbon.core.init.CarbonServerManager}
TID: [0] [ESB] [2016-10-14 16:54:47,878]  INFO {org.wso2.carbon.core.internal.permission.update.PermissionUpdater} -  Permission cache updated for tenant -1234 {org.wso2.carbon.core.internal.permission.update.PermissionUpdater}
TID: [0] [ESB] [2016-10-14 16:54:47,924]  INFO {org.wso2.carbon.mediation.initializer.ServiceBusInitializer} -  Starting ESB... {org.wso2.carbon.mediation.initializer.ServiceBusInitializer}
TID: [0] [ESB] [2016-10-14 16:54:47,939]  INFO {org.wso2.carbon.mediation.initializer.ServiceBusInitializer} -  Initializing Apache Synapse... {org.wso2.carbon.mediation.initializer.ServiceBusInitializer}
TID: [0] [ESB] [2016-10-14 16:54:47,942]  INFO {org.apache.synapse.SynapseControllerFactory} -  Using Synapse home : /home/thilini/Documents/streamprocesor/traffic/TrafficAnalyzerBundle/wso2esb-4.9.0-SNAPSHOT/. {org.apache.synapse.SynapseControllerFactory}
TID: [0] [ESB] [2016-10-14 16:54:47,942]  INFO {org.apache.synapse.SynapseControllerFactory} -  Using synapse.xml location : /home/thilini/Documents/streamprocesor/traffic/TrafficAnalyzerBundle/wso2esb-4.9.0-SNAPSHOT/././repository/deployment/server/synapse-configs/default {org.apache.synapse.SynapseControllerFactory}
TID: [0] [ESB] [2016-10-14 16:54:47,942]  INFO {org.apache.synapse.SynapseControllerFactory} -  Using server name : localhost {org.apache.synapse.SynapseControllerFactory}
TID: [0] [ESB] [2016-10-14 16:54:47,946]  INFO {org.apache.synapse.SynapseControllerFactory} -  The timeout handler will run every : 15s {org.apache.synapse.SynapseControllerFactory}
TID: [0] [ESB] [2016-10-14 16:54:47,953]  INFO {org.apache.synapse.Axis2SynapseController} -  Initializing Synapse at : Fri Oct 14 16:54:47 IST 2016 {org.apache.synapse.Axis2SynapseController}
TID: [0] [ESB] [2016-10-14 16:54:47,958]  INFO {org.wso2.carbon.mediation.initializer.CarbonSynapseController} -  Loading the mediation configuration from the file system {org.wso2.carbon.mediation.initializer.CarbonSynapseController}
TID: [0] [ESB] [2016-10-14 16:54:47,962]  INFO {org.apache.synapse.config.xml.MultiXMLConfigurationBuilder} -  Building synapse configuration from the synapse artifact repository at : ././repository/deployment/server/synapse-configs/default {org.apache.synapse.config.xml.MultiXMLConfigurationBuilder}
TID: [0] [ESB] [2016-10-14 16:54:47,963]  INFO {org.apache.synapse.config.xml.XMLConfigurationBuilder} -  Generating the Synapse configuration model by parsing the XML configuration {org.apache.synapse.config.xml.XMLConfigurationBuilder}
TID: [0] [ESB] [2016-10-14 16:54:48,074]  INFO {org.apache.synapse.config.SynapseConfigurationBuilder} -  Loaded Synapse configuration from the artifact repository at : ././repository/deployment/server/synapse-configs/default {org.apache.synapse.config.SynapseConfigurationBuilder}
TID: [0] [ESB] [2016-10-14 16:54:48,078]  INFO {org.apache.synapse.Axis2SynapseController} -  Loading mediator extensions... {org.apache.synapse.Axis2SynapseController}
TID: [0] [ESB] [2016-10-14 16:54:48,079]  INFO {org.apache.synapse.Axis2SynapseController} -  Deploying the Synapse service... {org.apache.synapse.Axis2SynapseController}
TID: [0] [ESB] [2016-10-14 16:54:48,080]  INFO {org.apache.synapse.Axis2SynapseController} -  Deploying Proxy services... {org.apache.synapse.Axis2SynapseController}
TID: [0] [ESB] [2016-10-14 16:54:48,081]  INFO {org.apache.synapse.Axis2SynapseController} -  Deploying EventSources... {org.apache.synapse.Axis2SynapseController}
TID: [0] [ESB] [2016-10-14 16:54:48,090]  INFO {org.apache.synapse.inbound.InboundEndpoint} -  Initializing Inbound Endpoint: twitter_listener_ep {org.apache.synapse.inbound.InboundEndpoint}
TID: [0] [ESB] [2016-10-14 16:54:48,093]  INFO {org.apache.synapse.protocol.twitter.TwitterProcessor} -  Initializing inbound Twitter listener for destination twitter_listener_ep.xml {org.apache.synapse.protocol.twitter.TwitterProcessor}
TID: [0] [ESB] [2016-10-14 16:54:48,097]  INFO {org.apache.synapse.protocol.twitter.TwitterPollingConsumer} -  Creating client ............ {org.apache.synapse.protocol.twitter.TwitterPollingConsumer}
TID: [0] [ESB] [2016-10-14 16:54:48,166]  INFO {org.apache.synapse.protocol.twitter.TwitterPollingConsumer} -  Client created successfully ............ {org.apache.synapse.protocol.twitter.TwitterPollingConsumer}
TID: [0] [ESB] [2016-10-14 16:54:48,166]  INFO {org.apache.synapse.protocol.twitter.TwitterProcessor} -  Inbound Twitter listener Started for destination twitter_listener_ep.xml {org.apache.synapse.protocol.twitter.TwitterProcessor}
TID: [0] [ESB] [2016-10-14 16:54:48,167]  INFO {org.apache.synapse.protocol.twitter.TwitterTask} -  Initializing. {org.apache.synapse.protocol.twitter.TwitterTask}
TID: [0] [ESB] [2016-10-14 16:54:48,182]  INFO {org.apache.synapse.ServerManager} -  Server ready for processing... {org.apache.synapse.ServerManager}
TID: [0] [ESB] [2016-10-14 16:54:49,589]  INFO {org.apache.synapse.transport.passthru.PassThroughHttpSSLListener} -  Starting Pass-through HTTPS Listener... {org.apache.synapse.transport.passthru.PassThroughHttpSSLListener}
TID: [0] [ESB] [2016-10-14 16:54:49,626]  INFO {org.apache.synapse.transport.passthru.PassThroughHttpSSLListener} -  Pass-through HTTPS Listener started on 0:0:0:0:0:0:0:0:8245 {org.apache.synapse.transport.passthru.PassThroughHttpSSLListener}
TID: [0] [ESB] [2016-10-14 16:54:49,627]  INFO {org.apache.synapse.transport.passthru.PassThroughHttpListener} -  Starting Pass-through HTTP Listener... {org.apache.synapse.transport.passthru.PassThroughHttpListener}
TID: [0] [ESB] [2016-10-14 16:54:49,628]  INFO {org.apache.synapse.transport.passthru.PassThroughHttpListener} -  Pass-through HTTP Listener started on 0:0:0:0:0:0:0:0:8282 {org.apache.synapse.transport.passthru.PassThroughHttpListener}
TID: [0] [ESB] [2016-10-14 16:54:49,632]  INFO {org.apache.tomcat.util.net.NioSelectorPool} -  Using a shared selector for servlet write/read {org.apache.tomcat.util.net.NioSelectorPool}
TID: [0] [ESB] [2016-10-14 16:54:49,679]  INFO {org.apache.tomcat.util.net.NioSelectorPool} -  Using a shared selector for servlet write/read {org.apache.tomcat.util.net.NioSelectorPool}
TID: [0] [ESB] [2016-10-14 16:54:49,782]  INFO {org.wso2.carbon.ntask.core.service.impl.TaskServiceImpl} -  Task service starting in STANDALONE mode... {org.wso2.carbon.ntask.core.service.impl.TaskServiceImpl}
TID: [0] [ESB] [2016-10-14 16:54:49,844]  INFO {org.wso2.carbon.mediation.ntask.NTaskTaskManager} -  initialized {org.wso2.carbon.mediation.ntask.NTaskTaskManager}
TID: [0] [ESB] [2016-10-14 16:54:49,855]  INFO {org.wso2.carbon.registry.eventing.internal.RegistryEventingServiceComponent} -  Successfully Initialized Eventing on Registry {org.wso2.carbon.registry.eventing.internal.RegistryEventingServiceComponent}
TID: [0] [ESB] [2016-10-14 16:54:49,951]  INFO {org.wso2.carbon.core.init.JMXServerManager} -  JMX Service URL  : service:jmx:rmi://localhost:11113/jndi/rmi://localhost:10001/jmxrmi {org.wso2.carbon.core.init.JMXServerManager}
TID: [0] [ESB] [2016-10-14 16:54:49,968]  INFO {org.wso2.carbon.ntask.core.impl.AbstractQuartzTaskManager} -  Task scheduled: [-1234][CARBON_USER_REMOTE_TASKS][twitter_listener_ep.xml-TWITTER-EP] {org.wso2.carbon.ntask.core.impl.AbstractQuartzTaskManager}
TID: [0] [ESB] [2016-10-14 16:54:49,969]  INFO {org.wso2.carbon.core.internal.StartupFinalizerServiceComponent} -  Server           :  WSO2 Enterprise Service Bus-4.8.1 {org.wso2.carbon.core.internal.StartupFinalizerServiceComponent}
TID: [0] [ESB] [2016-10-14 16:54:49,970]  INFO {org.wso2.carbon.core.internal.StartupFinalizerServiceComponent} -  WSO2 Carbon started in 25 sec {org.wso2.carbon.core.internal.StartupFinalizerServiceComponent}
TID: [0] [ESB] [2016-10-14 16:54:50,584]  INFO {org.wso2.carbon.ui.internal.CarbonUIServiceComponent} -  Mgt Console URL  : https://172.17.0.1:9445/carbon/ {org.wso2.carbon.ui.internal.CarbonUIServiceComponent}
TID: [0] [ESB] [2016-10-14 16:58:36,011]  INFO {org.apache.synapse.mediators.builtin.LogMediator} -  To: , MessageID: urn:uuid:3265143E3FF448A34D1476444515992, Direction: request {org.apache.synapse.mediators.builtin.LogMediator}
TID: [0] [ESB] [2016-10-14 16:58:36,019]  INFO {org.apache.synapse.core.axis2.TimeoutHandler} -  This engine will expire all callbacks after : 120 seconds, irrespective of the timeout action, after the specified or optional timeout {org.apache.synapse.core.axis2.TimeoutHandler}
TID: [0] [ESB] [2016-10-14 17:00:00,965]  INFO {org.apache.synapse.mediators.builtin.LogMediator} -  To: , MessageID: urn:uuid:3265143E3FF448A34D1476444600967, Direction: request {org.apache.synapse.mediators.builtin.LogMediator}
TID: [0] [ESB] [2016-10-14 17:10:56,938]  INFO {org.wso2.carbon.core.init.CarbonServerManager} -  Shutdown hook triggered.... {org.wso2.carbon.core.init.CarbonServerManager}
TID: [0] [ESB] [2016-10-14 17:10:56,939]  INFO {org.wso2.carbon.core.init.CarbonServerManager} -  Gracefully shutting down WSO2 Enterprise Service Bus... {org.wso2.carbon.core.init.CarbonServerManager}
TID: [0] [ESB] [2016-10-14 17:10:56,941]  INFO {org.wso2.carbon.core.ServerManagement} -  Starting to switch to maintenance mode... {org.wso2.carbon.core.ServerManagement}
TID: [0] [ESB] [2016-10-14 17:10:56,941]  INFO {org.apache.synapse.transport.passthru.PassThroughHttpSSLListener} -  Stopping Pass-through HTTPS Listener.. {org.apache.synapse.transport.passthru.PassThroughHttpSSLListener}
TID: [0] [ESB] [2016-10-14 17:10:56,942]  INFO {org.apache.synapse.transport.passthru.PassThroughHttpSSLListener} -  HTTPS Listener shutdown. {org.apache.synapse.transport.passthru.PassThroughHttpSSLListener}
TID: [0] [ESB] [2016-10-14 17:10:56,943]  INFO {org.apache.synapse.transport.passthru.PassThroughHttpListener} -  Stopping Pass-through HTTP Listener.. {org.apache.synapse.transport.passthru.PassThroughHttpListener}
TID: [0] [ESB] [2016-10-14 17:10:56,943]  INFO {org.apache.synapse.transport.passthru.PassThroughHttpListener} -  HTTP Listener shutdown. {org.apache.synapse.transport.passthru.PassThroughHttpListener}
TID: [0] [ESB] [2016-10-14 17:10:56,943]  INFO {org.wso2.carbon.core.ServerManagement} -  Stopped all transport listeners {org.wso2.carbon.core.ServerManagement}
TID: [0] [ESB] [2016-10-14 17:10:56,943]  INFO {org.wso2.carbon.core.ServerManagement} -  Waiting for request service completion... {org.wso2.carbon.core.ServerManagement}
TID: [0] [ESB] [2016-10-14 17:10:56,948]  INFO {org.wso2.carbon.core.ServerManagement} -  All requests have been served. {org.wso2.carbon.core.ServerManagement}
TID: [0] [ESB] [2016-10-14 17:10:56,948]  INFO {org.wso2.carbon.core.ServerManagement} -  Waiting for deployment completion... {org.wso2.carbon.core.ServerManagement}
TID: [0] [ESB] [2016-10-14 17:10:56,950]  INFO {org.wso2.carbon.core.ServerManagement} -  All deployment tasks have been completed. {org.wso2.carbon.core.ServerManagement}
TID: [0] [ESB] [2016-10-14 17:10:56,950]  INFO {org.wso2.carbon.core.ServerManagement} -  Waiting for server task completion... {org.wso2.carbon.core.ServerManagement}
TID: [0] [ESB] [2016-10-14 17:10:56,950]  INFO {org.wso2.carbon.core.ServerManagement} -  All server tasks have been completed. {org.wso2.carbon.core.ServerManagement}
TID: [0] [ESB] [2016-10-14 17:10:56,950]  INFO {org.wso2.carbon.core.init.CarbonServerManager} -  Shutting down WSO2 Enterprise Service Bus... {org.wso2.carbon.core.init.CarbonServerManager}
TID: [0] [ESB] [2016-10-14 17:10:56,950]  INFO {org.wso2.carbon.core.init.CarbonServerManager} -  Shutting down OSGi framework... {org.wso2.carbon.core.init.CarbonServerManager}
TID: [0] [ESB] [2016-10-14 17:10:56,982]  INFO {org.apache.synapse.task.SynapseTaskManager} -  Shutting down the task manager {org.apache.synapse.task.SynapseTaskManager}
TID: [0] [ESB] [2016-10-14 17:10:59,054]  INFO {org.wso2.carbon.core.init.CarbonServerManager} -  Stopping CarbonServerManager... {org.wso2.carbon.core.init.CarbonServerManager}
TID: [0] [ESB] [2016-10-14 17:10:59,057]  INFO {org.apache.synapse.transport.passthru.PassThroughHttpSSLSender} -  HTTPS Sender shutdown {org.apache.synapse.transport.passthru.PassThroughHttpSSLSender}
TID: [0] [ESB] [2016-10-14 17:10:59,058]  INFO {org.apache.synapse.transport.passthru.PassThroughHttpSender} -  HTTP Sender shutdown {org.apache.synapse.transport.passthru.PassThroughHttpSender}
TID: [0] [ESB] [2016-10-14 17:10:59,058]  INFO {org.apache.synapse.transport.passthru.PassThroughHttpSSLListener} -  Destroying PassThroughHttpListener {org.apache.synapse.transport.passthru.PassThroughHttpSSLListener}
TID: [0] [ESB] [2016-10-14 17:10:59,058]  INFO {org.apache.synapse.transport.passthru.PassThroughHttpListener} -  Destroying PassThroughHttpListener {org.apache.synapse.transport.passthru.PassThroughHttpListener}
TID: [0] [ESB] [2016-10-14 17:10:59,355]  INFO {org.wso2.carbon.tomcat.ext.internal.CarbonTomcatServiceComponent} -  Stopping the carbon web-app registered under : / {org.wso2.carbon.tomcat.ext.internal.CarbonTomcatServiceComponent}
TID: [0] [ESB] [2016-10-14 17:10:59,604]  INFO {org.wso2.carbon.core.init.CarbonServerManager} -  Shutdown complete {org.wso2.carbon.core.init.CarbonServerManager}
TID: [0] [ESB] [2016-10-14 17:10:59,604]  INFO {org.wso2.carbon.core.init.CarbonServerManager} -  Halting JVM {org.wso2.carbon.core.init.CarbonServerManager}
